ERROR:root:Invalid URL 'www.eatthismuch.com/recipe/nutrition/italian-style-veggie-burger-with-polenta,1004757/': No schema supplied. Perhaps you meant http://www.eatthismuch.com/recipe/nutrition/italian-style-veggie-burger-with-polenta,1004757/?
Traceback (most recent call last):
  File "<ipython-input-4-57a73ca5bd9c>", line 6, in get_html
    resp = get(url, stream=True, timeout=30)
  File "/home/hardik/hardik/lib/python3.6/site-packages/requests/api.py", line 75, in get
    return request('get', url, params=params, **kwargs)
  File "/home/hardik/hardik/lib/python3.6/site-packages/requests/api.py", line 60, in request
    return session.request(method=method, url=url, **kwargs)
  File "/home/hardik/hardik/lib/python3.6/site-packages/requests/sessions.py", line 519, in request
    prep = self.prepare_request(req)
  File "/home/hardik/hardik/lib/python3.6/site-packages/requests/sessions.py", line 462, in prepare_request
    hooks=merge_hooks(request.hooks, self.hooks),
  File "/home/hardik/hardik/lib/python3.6/site-packages/requests/models.py", line 313, in prepare
    self.prepare_url(url, params)
  File "/home/hardik/hardik/lib/python3.6/site-packages/requests/models.py", line 387, in prepare_url
    raise MissingSchema(error)
requests.exceptions.MissingSchema: Invalid URL 'www.eatthismuch.com/recipe/nutrition/italian-style-veggie-burger-with-polenta,1004757/': No schema supplied. Perhaps you meant http://www.eatthismuch.com/recipe/nutrition/italian-style-veggie-burger-with-polenta,1004757/?
ERROR:root:Invalid URL 'www.eatthismuch.com/recipe/nutrition/italian-style-veggie-burger-with-polenta,1004757/': No schema supplied. Perhaps you meant http://www.eatthismuch.com/recipe/nutrition/italian-style-veggie-burger-with-polenta,1004757/?
Traceback (most recent call last):
  File "<ipython-input-4-57a73ca5bd9c>", line 6, in get_html
    resp = get(url, stream=True, timeout=30)
  File "/home/hardik/hardik/lib/python3.6/site-packages/requests/api.py", line 75, in get
    return request('get', url, params=params, **kwargs)
  File "/home/hardik/hardik/lib/python3.6/site-packages/requests/api.py", line 60, in request
    return session.request(method=method, url=url, **kwargs)
  File "/home/hardik/hardik/lib/python3.6/site-packages/requests/sessions.py", line 519, in request
    prep = self.prepare_request(req)
  File "/home/hardik/hardik/lib/python3.6/site-packages/requests/sessions.py", line 462, in prepare_request
    hooks=merge_hooks(request.hooks, self.hooks),
  File "/home/hardik/hardik/lib/python3.6/site-packages/requests/models.py", line 313, in prepare
    self.prepare_url(url, params)
  File "/home/hardik/hardik/lib/python3.6/site-packages/requests/models.py", line 387, in prepare_url
    raise MissingSchema(error)
requests.exceptions.MissingSchema: Invalid URL 'www.eatthismuch.com/recipe/nutrition/italian-style-veggie-burger-with-polenta,1004757/': No schema supplied. Perhaps you meant http://www.eatthismuch.com/recipe/nutrition/italian-style-veggie-burger-with-polenta,1004757/?
ERROR:root:Invalid URL 'www.eatthismuch.com/recipe/nutrition/italian-style-veggie-burger-with-polenta,1004757/': No schema supplied. Perhaps you meant http://www.eatthismuch.com/recipe/nutrition/italian-style-veggie-burger-with-polenta,1004757/?
Traceback (most recent call last):
  File "<ipython-input-4-57a73ca5bd9c>", line 6, in get_html
    resp = get(url, stream=True, timeout=30)
  File "/home/hardik/hardik/lib/python3.6/site-packages/requests/api.py", line 75, in get
    return request('get', url, params=params, **kwargs)
  File "/home/hardik/hardik/lib/python3.6/site-packages/requests/api.py", line 60, in request
    return session.request(method=method, url=url, **kwargs)
  File "/home/hardik/hardik/lib/python3.6/site-packages/requests/sessions.py", line 519, in request
    prep = self.prepare_request(req)
  File "/home/hardik/hardik/lib/python3.6/site-packages/requests/sessions.py", line 462, in prepare_request
    hooks=merge_hooks(request.hooks, self.hooks),
  File "/home/hardik/hardik/lib/python3.6/site-packages/requests/models.py", line 313, in prepare
    self.prepare_url(url, params)
  File "/home/hardik/hardik/lib/python3.6/site-packages/requests/models.py", line 387, in prepare_url
    raise MissingSchema(error)
requests.exceptions.MissingSchema: Invalid URL 'www.eatthismuch.com/recipe/nutrition/italian-style-veggie-burger-with-polenta,1004757/': No schema supplied. Perhaps you meant http://www.eatthismuch.com/recipe/nutrition/italian-style-veggie-burger-with-polenta,1004757/?
WARNING:urllib3.connectionpool:Retrying (Retry(total=2, connect=None, read=None, redirect=None, status=None)) after connection broken by 'NewConnectionError('<urllib3.connection.HTTPConnection object at 0x7f1de5b90278>: Failed to establish a new connection: [Errno 111] Connection refused',)': /wd/hub/session/111d1de0-0961-11ea-a98f-e53baac1e259/url
WARNING:urllib3.connectionpool:Retrying (Retry(total=1, connect=None, read=None, redirect=None, status=None)) after connection broken by 'NewConnectionError('<urllib3.connection.HTTPConnection object at 0x7f1de5783358>: Failed to establish a new connection: [Errno 111] Connection refused',)': /wd/hub/session/111d1de0-0961-11ea-a98f-e53baac1e259/url
WARNING:urllib3.connectionpool:Retrying (Retry(total=0, connect=None, read=None, redirect=None, status=None)) after connection broken by 'NewConnectionError('<urllib3.connection.HTTPConnection object at 0x7f1de5b94358>: Failed to establish a new connection: [Errno 111] Connection refused',)': /wd/hub/session/111d1de0-0961-11ea-a98f-e53baac1e259/url
WARNING:urllib3.connectionpool:Retrying (Retry(total=2, connect=None, read=None, redirect=None, status=None)) after connection broken by 'NewConnectionError('<urllib3.connection.HTTPConnection object at 0x7f1de210eac8>: Failed to establish a new connection: [Errno 111] Connection refused',)': /session/0a3d7ad3a15957044bb6b579fba38077/url
WARNING:urllib3.connectionpool:Retrying (Retry(total=1, connect=None, read=None, redirect=None, status=None)) after connection broken by 'NewConnectionError('<urllib3.connection.HTTPConnection object at 0x7f1e00e47b00>: Failed to establish a new connection: [Errno 111] Connection refused',)': /session/0a3d7ad3a15957044bb6b579fba38077/url
WARNING:urllib3.connectionpool:Retrying (Retry(total=0, connect=None, read=None, redirect=None, status=None)) after connection broken by 'NewConnectionError('<urllib3.connection.HTTPConnection object at 0x7f1e00e47278>: Failed to establish a new connection: [Errno 111] Connection refused',)': /session/0a3d7ad3a15957044bb6b579fba38077/url
INFO:root:test
INFO:root:0   https://www.eatthismuch.com/recipe/nutrition/pots-of-passion-fruit-yogurt-with-coconut-macaroon,906976/
WARNING:urllib3.connectionpool:Retrying (Retry(total=2, connect=None, read=None, redirect=None, status=None)) after connection broken by 'NewConnectionError('<urllib3.connection.HTTPConnection object at 0x7f1e01324ef0>: Failed to establish a new connection: [Errno 111] Connection refused',)': /session/597d34b2c009ac869eba838651e9577d/url
WARNING:urllib3.connectionpool:Retrying (Retry(total=1, connect=None, read=None, redirect=None, status=None)) after connection broken by 'NewConnectionError('<urllib3.connection.HTTPConnection object at 0x7f1e02235f28>: Failed to establish a new connection: [Errno 111] Connection refused',)': /session/597d34b2c009ac869eba838651e9577d/url
WARNING:urllib3.connectionpool:Retrying (Retry(total=0, connect=None, read=None, redirect=None, status=None)) after connection broken by 'NewConnectionError('<urllib3.connection.HTTPConnection object at 0x7f1de23e3d68>: Failed to establish a new connection: [Errno 111] Connection refused',)': /session/597d34b2c009ac869eba838651e9577d/url
INFO:root:0   https://www.eatthismuch.com/recipe/nutrition/pots-of-passion-fruit-yogurt-with-coconut-macaroon,906976/
INFO:root:0   https://www.eatthismuch.com/recipe/nutrition/pots-of-passion-fruit-yogurt-with-coconut-macaroon,906976/
INFO:root:1   https://www.eatthismuch.com/recipe/nutrition/yogurt-and-chia-overnight-oats,906728/
INFO:root:2   https://www.eatthismuch.com/recipe/nutrition/guacamole-pizza,939661/
INFO:root:3   https://www.eatthismuch.com/recipe/nutrition/blueberry-chia-seed-pudding,907045/
INFO:root:4   https://www.eatthismuch.com/recipe/nutrition/ham-and-cheese-dunker-with-boiled-eggs,906676/
INFO:root:5   https://www.eatthismuch.com/recipe/nutrition/sweet-manicotti-pancakes,1181270/
INFO:root:6   https://www.eatthismuch.com/recipe/nutrition/fluffy-vegan-pancakes,386787/
INFO:root:7   https://www.eatthismuch.com/recipe/nutrition/tropical-green-fusion-smoothie,962343/
INFO:root:8   https://www.eatthismuch.com/recipe/nutrition/peach-chia-seed-pudding,906280/
INFO:root:9   https://www.eatthismuch.com/recipe/nutrition/pumpkin-spread-with-toasted-pita,334912/
INFO:root:10   https://www.eatthismuch.com/recipe/nutrition/chocolate-cherry-shake,412901/
INFO:root:11   https://www.eatthismuch.com/recipe/nutrition/strawberry-cheesecake-chia-pudding,337833/
INFO:root:12   https://www.eatthismuch.com/recipe/nutrition/blueberry-cheesecake-oatmeal,717900/
INFO:root:13   https://www.eatthismuch.com/recipe/nutrition/greek-yogurt-protein-pancakes,206184/
INFO:root:14   https://www.eatthismuch.com/recipe/nutrition/blueberry-yogurt-overnight-oats,924612/
INFO:root:15   https://www.eatthismuch.com/recipe/nutrition/grilled-monterey-jack-and-corn-quesadillas,45486/
INFO:root:16   https://www.eatthismuch.com/recipe/nutrition/pumpkin-pancakes,906227/
INFO:root:17   https://www.eatthismuch.com/recipe/nutrition/salmon-crackers,906552/
INFO:root:18   https://www.eatthismuch.com/recipe/nutrition/applesauce-pancakes,209534/
INFO:root:19   https://www.eatthismuch.com/recipe/nutrition/eggs-baked-in-avocado,211398/
INFO:root:20   https://www.eatthismuch.com/recipe/nutrition/french-crepes,976304/
INFO:root:21   https://www.eatthismuch.com/recipe/nutrition/blueberry-smoothie,413009/
INFO:root:22   https://www.eatthismuch.com/recipe/nutrition/asparagus-canadian-bacon-and-cheese-frittata,961653/
INFO:root:23   https://www.eatthismuch.com/recipe/nutrition/broccoli-feta-omelet-with-toast,1030012/
INFO:root:24   https://www.eatthismuch.com/recipe/nutrition/chia-pudding,939662/
INFO:root:25   https://www.eatthismuch.com/recipe/nutrition/cheesy-chorizo-frittata,986448/
INFO:root:26   https://www.eatthismuch.com/recipe/nutrition/lemon-and-vanilla-chia-pudding,338107/
INFO:root:27   https://www.eatthismuch.com/recipe/nutrition/green-am-smoothie,929997/
INFO:root:28   https://www.eatthismuch.com/recipe/nutrition/peach-yogurt-parfait,905755/
INFO:root:29   https://www.eatthismuch.com/recipe/nutrition/make-ahead-bacon-and-cheese-breakfast-burritos,999021/
INFO:root:30   https://www.eatthismuch.com/recipe/nutrition/protein-breakfast-burrito,736430/
INFO:root:31   https://www.eatthismuch.com/recipe/nutrition/pepper-and-hummus-toast,905662/
INFO:root:32   https://www.eatthismuch.com/recipe/nutrition/cranberry-and-flax-smoothie,905529/
INFO:root:33   https://www.eatthismuch.com/recipe/nutrition/asparagus-fontina-and-tomato-frittata,35012/
INFO:root:34   https://www.eatthismuch.com/recipe/nutrition/sriracha-scrambled-eggs-and-ham,907023/
INFO:root:35   https://www.eatthismuch.com/recipe/nutrition/scrambled-eggs-with-smoked-salmon,963093/
INFO:root:36   https://www.eatthismuch.com/recipe/nutrition/5-minute-honey-yogurt-quinoa-parfait,967745/
INFO:root:37   https://www.eatthismuch.com/recipe/nutrition/rice-cake-with-peanut-butter-coconut-and-dried-cra,905815/
INFO:root:38   https://www.eatthismuch.com/recipe/nutrition/fluffy-omelet-with-cheese-and-zucchini,906750/
INFO:root:39   https://www.eatthismuch.com/recipe/nutrition/keto-oatmeal,390611/
INFO:root:40   https://www.eatthismuch.com/recipe/nutrition/blueberry-and-sunflower-seed-steel-cut-oatmeal,1030027/
INFO:root:41   https://www.eatthismuch.com/recipe/nutrition/ham-egg-beaters-and-mushroom-scramble,928010/
INFO:root:42   https://www.eatthismuch.com/recipe/nutrition/gluten-free-quinoa-pancakes,905663/
INFO:root:43   https://www.eatthismuch.com/recipe/nutrition/matcha-scrambled-eggs-with-lime,717809/
INFO:root:44   https://www.eatthismuch.com/recipe/nutrition/overnight-chilled-honey-cinnamon-oats,906255/
INFO:root:45   https://www.eatthismuch.com/recipe/nutrition/canadian-bacon-and-avocado-omelet,717733/
INFO:root:46   https://www.eatthismuch.com/recipe/nutrition/spinach-feta-and-artichoke-breakfast-bake,961754/
INFO:root:47   https://www.eatthismuch.com/recipe/nutrition/pumpkin-granola,990766/
INFO:root:48   https://www.eatthismuch.com/recipe/nutrition/cold-goji-berry-porridge,717897/
INFO:root:49   https://www.eatthismuch.com/recipe/nutrition/almond-crusted-keto-quiche,390986/
INFO:root:50   https://www.eatthismuch.com/recipe/nutrition/fried-plantains-with-sour-cream,905864/
INFO:root:51   https://www.eatthismuch.com/recipe/nutrition/overnight-muesli,1015938/
INFO:root:52   https://www.eatthismuch.com/recipe/nutrition/egg-and-greens-sandwich,1015975/
INFO:root:53   https://www.eatthismuch.com/recipe/nutrition/flourless-vegan-pumpkin-muffins,339658/
INFO:root:54   https://www.eatthismuch.com/recipe/nutrition/breakfast-fruit-spinach-and-oats-shake,34781/
INFO:root:55   https://www.eatthismuch.com/recipe/nutrition/dairy-free-berry-banana-chia-yogurt,905893/
INFO:root:56   https://www.eatthismuch.com/recipe/nutrition/vanilla-crepes,35005/
INFO:root:57   https://www.eatthismuch.com/recipe/nutrition/sweet-potato-breakfast-skillet-with-bacon,971492/
INFO:root:58   https://www.eatthismuch.com/recipe/nutrition/pina-colada-chia-pudding,337830/
INFO:root:59   https://www.eatthismuch.com/recipe/nutrition/3-herb-breakfast-patties,925705/
INFO:root:60   https://www.eatthismuch.com/recipe/nutrition/scrambled-eggs-and-sausage-wrap,905974/
INFO:root:61   https://www.eatthismuch.com/recipe/nutrition/vegan-protein-burrito,1022459/
INFO:root:62   https://www.eatthismuch.com/recipe/nutrition/tropical-grain-free-breakfast-porridge,717901/
INFO:root:63   https://www.eatthismuch.com/recipe/nutrition/ham-and-cheese-egg-dunkers,386737/
INFO:root:64   https://www.eatthismuch.com/recipe/nutrition/sausage-and-egg-casserole,35007/
INFO:root:65   https://www.eatthismuch.com/recipe/nutrition/fluffy-canadian-pancakes,36703/
INFO:root:66   https://www.eatthismuch.com/recipe/nutrition/apple-cinnamon-oatmeal-frittata,56419/
INFO:root:67   https://www.eatthismuch.com/recipe/nutrition/peanut-butter-berry-pineapple-protein-smoothie,905748/
INFO:root:68   https://www.eatthismuch.com/recipe/nutrition/overnight-cranberry-oatmeal,1019361/
INFO:root:69   https://www.eatthismuch.com/recipe/nutrition/italian-eggs,412995/
INFO:root:70   https://www.eatthismuch.com/recipe/nutrition/fruit-ball,36717/
INFO:root:71   https://www.eatthismuch.com/recipe/nutrition/banana-oat-and-peanut-butter-muffin,950258/
INFO:root:72   https://www.eatthismuch.com/recipe/nutrition/paleo-egg-muffins,940670/
INFO:root:73   https://www.eatthismuch.com/recipe/nutrition/apple-sandwiches-with-almond-butter-granola,331868/
INFO:root:74   https://www.eatthismuch.com/recipe/nutrition/oat-cottage-pancakes,34809/
INFO:root:75   https://www.eatthismuch.com/recipe/nutrition/oat-bran,412972/
INFO:root:76   https://www.eatthismuch.com/recipe/nutrition/sunrise-oatmeal,905997/
INFO:root:77   https://www.eatthismuch.com/recipe/nutrition/bacon-and-zucchini-egg-muffins,984767/
INFO:root:78   https://www.eatthismuch.com/recipe/nutrition/breakfast-quinoa,204012/
INFO:root:79   https://www.eatthismuch.com/recipe/nutrition/raspberry-yogurt-parfait,936035/
INFO:root:80   https://www.eatthismuch.com/recipe/nutrition/strawberry-yogurt-and-strawberries,927270/
INFO:root:81   https://www.eatthismuch.com/recipe/nutrition/peach-cobbler-oatmeal,1017627/
INFO:root:82   https://www.eatthismuch.com/recipe/nutrition/lemon-berry-skillet-cake,978605/
INFO:root:83   https://www.eatthismuch.com/recipe/nutrition/breakfast-parfait,34796/
INFO:root:84   https://www.eatthismuch.com/recipe/nutrition/blackberry-yogurt-parfait,947715/
INFO:root:85   https://www.eatthismuch.com/recipe/nutrition/spiced-pumpkin-pancakes,45042/
INFO:root:86   https://www.eatthismuch.com/recipe/nutrition/raspberry-chia-seed-pudding,337828/
INFO:root:87   https://www.eatthismuch.com/recipe/nutrition/breakfast-stuffed-peppers,978555/
INFO:root:88   https://www.eatthismuch.com/recipe/nutrition/greek-yogurt-with-blue-and-blackberries,907174/
INFO:root:89   https://www.eatthismuch.com/recipe/nutrition/breakfast-oatmeal-with-milk-and-blueberries,905940/
INFO:root:90   https://www.eatthismuch.com/recipe/nutrition/2-ingredient-protein-pancakes,412920/
INFO:root:91   https://www.eatthismuch.com/recipe/nutrition/high-protein-omelet,940672/
INFO:root:92   https://www.eatthismuch.com/recipe/nutrition/microwave-vanilla-banana-oat-cake,906547/
INFO:root:93   https://www.eatthismuch.com/recipe/nutrition/waffles-with-raspberry-chocolate-sauce,925239/
INFO:root:94   https://www.eatthismuch.com/recipe/nutrition/baked-oatmeal,988546/
INFO:root:95   https://www.eatthismuch.com/recipe/nutrition/cinnamon-honey-oats,925724/
INFO:root:96   https://www.eatthismuch.com/recipe/nutrition/english-muffin-ham-breakfast-sandwich,906827/
INFO:root:97   https://www.eatthismuch.com/recipe/nutrition/avocado-and-salmon-toast,950214/
INFO:root:98   https://www.eatthismuch.com/recipe/nutrition/sweet-potato-and-mushroom-hash,1015933/
INFO:root:99   https://www.eatthismuch.com/recipe/nutrition/turkey-omelet,946456/
INFO:root:100   https://www.eatthismuch.com/recipe/nutrition/mushroom-and-pepper-egg-white-omelet,717837/
INFO:root:101   https://www.eatthismuch.com/recipe/nutrition/banana-almond-butter-toast,717818/
INFO:root:102   https://www.eatthismuch.com/recipe/nutrition/carrot-cake-chia-pudding,338096/
INFO:root:103   https://www.eatthismuch.com/recipe/nutrition/breakfast-sandwich,953094/
INFO:root:104   https://www.eatthismuch.com/recipe/nutrition/date-and-berry-oatmeal,921903/
INFO:root:105   https://www.eatthismuch.com/recipe/nutrition/plantain-bread,938692/
INFO:root:106   https://www.eatthismuch.com/recipe/nutrition/spinach-avocado-smoothie-bowl,1028348/
INFO:root:107   https://www.eatthismuch.com/recipe/nutrition/broccoli-quiche,35557/
INFO:root:108   https://www.eatthismuch.com/recipe/nutrition/coconut-flour-pancake,907140/
INFO:root:109   https://www.eatthismuch.com/recipe/nutrition/almond-flour-pancakes,254503/
INFO:root:110   https://www.eatthismuch.com/recipe/nutrition/light-peach-yogurt,717747/
INFO:root:111   https://www.eatthismuch.com/recipe/nutrition/banana-peanut-butter-chia-pudding,337829/
INFO:root:112   https://www.eatthismuch.com/recipe/nutrition/greek-yogurt-and-berry-parfait,412923/
INFO:root:113   https://www.eatthismuch.com/recipe/nutrition/puff-pastry-apple-strudel-toastie,949290/
INFO:root:114   https://www.eatthismuch.com/recipe/nutrition/avocado-and-cottage-cheese-toast,906531/
INFO:root:115   https://www.eatthismuch.com/recipe/nutrition/protein-banana-egg-pancakes,906510/
INFO:root:116   https://www.eatthismuch.com/recipe/nutrition/gluten-free-pancakes,56595/
INFO:root:117   https://www.eatthismuch.com/recipe/nutrition/eggs-greens,983905/
INFO:root:118   https://www.eatthismuch.com/recipe/nutrition/banana-raisin-oatmeal,412949/
INFO:root:119   https://www.eatthismuch.com/recipe/nutrition/greek-yogurt-with-mixed-berries,905617/
INFO:root:120   https://www.eatthismuch.com/recipe/nutrition/potato-hash-with-spinach,386801/
INFO:root:121   https://www.eatthismuch.com/recipe/nutrition/maple-banana-oats,906975/
INFO:root:122   https://www.eatthismuch.com/recipe/nutrition/kale-mozzarella-and-egg-bake,983032/
INFO:root:123   https://www.eatthismuch.com/recipe/nutrition/poached-egg-turkey-and-roast-beef-bagel-breakfast-,971329/
INFO:root:124   https://www.eatthismuch.com/recipe/nutrition/tasty-turkey-spinach-omelet,56672/
INFO:root:125   https://www.eatthismuch.com/recipe/nutrition/breakfast-sandwich-with-egg-cheese-and-ham,907150/
INFO:root:126   https://www.eatthismuch.com/recipe/nutrition/crustless-quiche,45654/
INFO:root:127   https://www.eatthismuch.com/recipe/nutrition/banana-tahini-toast,343691/
INFO:root:128   https://www.eatthismuch.com/recipe/nutrition/simple-spinach-scramble,56823/
INFO:root:129   https://www.eatthismuch.com/recipe/nutrition/cinnamon-apple-protein-oatmeal,906115/
INFO:root:130   https://www.eatthismuch.com/recipe/nutrition/cinnamon-almond-oatmeal,1012918/
INFO:root:131   https://www.eatthismuch.com/recipe/nutrition/egg-in-a-cup,36680/
INFO:root:132   https://www.eatthismuch.com/recipe/nutrition/chocolate-banana-oatmeal,907085/
INFO:root:133   https://www.eatthismuch.com/recipe/nutrition/egg-and-onion-scramble,927914/
INFO:root:134   https://www.eatthismuch.com/recipe/nutrition/keto-breakfast-tacos,940692/
INFO:root:135   https://www.eatthismuch.com/recipe/nutrition/pesto-scrambled-eggs,253961/
INFO:root:136   https://www.eatthismuch.com/recipe/nutrition/pomegranate-muesli,921897/
INFO:root:137   https://www.eatthismuch.com/recipe/nutrition/fruit-cereal,386796/
INFO:root:138   https://www.eatthismuch.com/recipe/nutrition/french-toast,412932/
INFO:root:139   https://www.eatthismuch.com/recipe/nutrition/mango-raspberry-rice-bowl,906068/
INFO:root:140   https://www.eatthismuch.com/recipe/nutrition/fruit-and-nut-bowl,921896/
INFO:root:141   https://www.eatthismuch.com/recipe/nutrition/sunrise-raisin-oatmeal,34543/
INFO:root:142   https://www.eatthismuch.com/recipe/nutrition/poached-eggs-on-toast,905725/
INFO:root:143   https://www.eatthismuch.com/recipe/nutrition/pumpkin-scrambled-eggs,906486/
INFO:root:144   https://www.eatthismuch.com/recipe/nutrition/tomato-frittita,990752/
INFO:root:145   https://www.eatthismuch.com/recipe/nutrition/avocado-and-egg-toast,906467/
INFO:root:146   https://www.eatthismuch.com/recipe/nutrition/oatmeal-pancakes,906029/
INFO:root:147   https://www.eatthismuch.com/recipe/nutrition/microwave-peanut-butter-protein-oats,1016932/
INFO:root:148   https://www.eatthismuch.com/recipe/nutrition/pesto-scrambled-egg-whites,905758/
INFO:root:149   https://www.eatthismuch.com/recipe/nutrition/huevos-pericos,1472994/
INFO:root:150   https://www.eatthismuch.com/recipe/nutrition/breakfast-quesadilla,56554/
INFO:root:151   https://www.eatthismuch.com/recipe/nutrition/scrambled-eggs-with-spinach-and-mexican-blend-chee,906914/
INFO:root:152   https://www.eatthismuch.com/recipe/nutrition/scrambled-eggs-with-vegetables,412900/
INFO:root:153   https://www.eatthismuch.com/recipe/nutrition/peanut-butter-banana-oatmeal,413007/
INFO:root:154   https://www.eatthismuch.com/recipe/nutrition/veggie-omelet,930964/
INFO:root:155   https://www.eatthismuch.com/recipe/nutrition/scrambled-eggs-with-spinach-and-ricotta,906150/
INFO:root:156   https://www.eatthismuch.com/recipe/nutrition/banana-egg-pancakes,254997/
INFO:root:157   https://www.eatthismuch.com/recipe/nutrition/corn-flakes,35465/
INFO:root:158   https://www.eatthismuch.com/recipe/nutrition/scrambled-eggs-with-cheddar-cheese,906338/
INFO:root:159   https://www.eatthismuch.com/recipe/nutrition/scrambled-eggs-with-bell-pepper-and-feta,906917/
INFO:root:160   https://www.eatthismuch.com/recipe/nutrition/egg-avocado-and-bacon-scramble,905706/
INFO:root:161   https://www.eatthismuch.com/recipe/nutrition/cinnamon-sugar-toast-with-sea-salt,906849/
INFO:root:162   https://www.eatthismuch.com/recipe/nutrition/eggs-cheese-and-bacon-omelet,925744/
INFO:root:163   https://www.eatthismuch.com/recipe/nutrition/pineapple-sriracha-breakfast-bowl,939594/
INFO:root:164   https://www.eatthismuch.com/recipe/nutrition/protein-pancakes,906689/
INFO:root:165   https://www.eatthismuch.com/recipe/nutrition/ackee-fritters,853742/
INFO:root:166   https://www.eatthismuch.com/recipe/nutrition/corned-beef-hash-cakes,36591/
INFO:root:167   https://www.eatthismuch.com/recipe/nutrition/fluffy-cottage-cheese-pancakes,927854/
INFO:root:168   https://www.eatthismuch.com/recipe/nutrition/skinny-chicken-and-vegetable-frittata,979443/
INFO:root:169   https://www.eatthismuch.com/recipe/nutrition/morning-lox-salad,906744/
INFO:root:170   https://www.eatthismuch.com/recipe/nutrition/sausage-spinach-and-feta-frittata,1012966/
INFO:root:171   https://www.eatthismuch.com/recipe/nutrition/breakfast-quinoa,212316/
INFO:root:172   https://www.eatthismuch.com/recipe/nutrition/almond-raspberry-smoothie,1011228/
INFO:root:173   https://www.eatthismuch.com/recipe/nutrition/tofu-scramble-with-sweet-potato-greens,927891/
INFO:root:174   https://www.eatthismuch.com/recipe/nutrition/paleo-zucchini-oatless-oatmeal-gf-paleo-low-cal,950212/
INFO:root:175   https://www.eatthismuch.com/recipe/nutrition/pbj-smoothie,205393/
INFO:root:176   https://www.eatthismuch.com/recipe/nutrition/tomato-avocado-quiche,34993/
INFO:root:177   https://www.eatthismuch.com/recipe/nutrition/fried-egg-on-toast-with-pepper-jack-and-avocado,906536/
INFO:root:178   https://www.eatthismuch.com/recipe/nutrition/poached-egg-with-baked-beans-on-toast,927326/
INFO:root:179   https://www.eatthismuch.com/recipe/nutrition/sausage-egg-muffins,958678/
INFO:root:180   https://www.eatthismuch.com/recipe/nutrition/ham-and-sweet-potato-hash-with-fried-eggs,45595/
INFO:root:181   https://www.eatthismuch.com/recipe/nutrition/twiix-chocolate-croissants,997991/
INFO:root:182   https://www.eatthismuch.com/recipe/nutrition/eggs-piperade,956562/
INFO:root:183   https://www.eatthismuch.com/recipe/nutrition/strawberry-french-toast,54627/
INFO:root:184   https://www.eatthismuch.com/recipe/nutrition/buckwheat-pancakes-with-oranges-and-honey,949272/
INFO:root:185   https://www.eatthismuch.com/recipe/nutrition/cherry-fridge-oats,936017/
INFO:root:186   https://www.eatthismuch.com/recipe/nutrition/bacon-and-tomato-cups,35003/
INFO:root:187   https://www.eatthismuch.com/recipe/nutrition/omega-waffles,905938/
INFO:root:188   https://www.eatthismuch.com/recipe/nutrition/whole-wheat-blueberry-waffles,987096/
INFO:root:189   https://www.eatthismuch.com/recipe/nutrition/goat-cheese-tomato-and-parsley-scramble,1008871/
INFO:root:190   https://www.eatthismuch.com/recipe/nutrition/strawberries-and-cream-smoothie,946459/
INFO:root:191   https://www.eatthismuch.com/recipe/nutrition/maple-walnut-protein-muffin,56830/
INFO:root:192   https://www.eatthismuch.com/recipe/nutrition/supergreen-chia-pudding,338090/
INFO:root:193   https://www.eatthismuch.com/recipe/nutrition/peaches-and-greens-smoothie,944162/
INFO:root:194   https://www.eatthismuch.com/recipe/nutrition/pineapple-coconut-vitamin-c-smoothie,906972/
INFO:root:195   https://www.eatthismuch.com/recipe/nutrition/rise-and-shine-smoothie,413006/
INFO:root:196   https://www.eatthismuch.com/recipe/nutrition/coconut-quinoa,906306/
INFO:root:197   https://www.eatthismuch.com/recipe/nutrition/blueberry-almond-chia-pudding,337825/
INFO:root:198   https://www.eatthismuch.com/recipe/nutrition/everyday-granola,976313/
INFO:root:199   https://www.eatthismuch.com/recipe/nutrition/paleo-sausage-and-veggie-scramble,907097/
INFO:root:200   https://www.eatthismuch.com/recipe/nutrition/coconut-flour-protein-waffles,717871/
INFO:root:201   https://www.eatthismuch.com/recipe/nutrition/soy-milk-pancakes,906634/
INFO:root:202   https://www.eatthismuch.com/recipe/nutrition/banana-and-cashew-cream-smoothie,906805/
INFO:root:203   https://www.eatthismuch.com/recipe/nutrition/quick-brownbag-burritos,45259/
INFO:root:204   https://www.eatthismuch.com/recipe/nutrition/toxin-cleanse-detox-smoothie,1008876/
INFO:root:205   https://www.eatthismuch.com/recipe/nutrition/blueberry-chocolate-smoothie,905921/
INFO:root:206   https://www.eatthismuch.com/recipe/nutrition/toasted-camembert-and-pear-sandwich,717883/
INFO:root:207   https://www.eatthismuch.com/recipe/nutrition/green-egg-muffin,980092/
INFO:root:208   https://www.eatthismuch.com/recipe/nutrition/creamy-white-cheddar-grits,999561/
INFO:root:209   https://www.eatthismuch.com/recipe/nutrition/blueberry-almond-and-kale-smoothie,905858/
INFO:root:210   https://www.eatthismuch.com/recipe/nutrition/overnight-honey-chia-oats,938697/
INFO:root:211   https://www.eatthismuch.com/recipe/nutrition/red-eye-protein-parfait,906722/
INFO:root:212   https://www.eatthismuch.com/recipe/nutrition/cinnamon-peach-cottage-cheese-pancake,34390/
INFO:root:213   https://www.eatthismuch.com/recipe/nutrition/fruit-and-berry-compote,921895/
INFO:root:214   https://www.eatthismuch.com/recipe/nutrition/overnight-buckwheat-and-steel-cut-oats-breakfast,958716/
INFO:root:215   https://www.eatthismuch.com/recipe/nutrition/banana-bruschetta,936976/
INFO:root:216   https://www.eatthismuch.com/recipe/nutrition/seedy-avocado-toast,950216/
INFO:root:217   https://www.eatthismuch.com/recipe/nutrition/peach-oatmeal-smoothie,907082/
INFO:root:218   https://www.eatthismuch.com/recipe/nutrition/breakfast-nachos,33597/
INFO:root:219   https://www.eatthismuch.com/recipe/nutrition/vegetarian-breakfast-burrito,906624/
INFO:root:220   https://www.eatthismuch.com/recipe/nutrition/rosemary-potato-egg-bake,420781/
INFO:root:221   https://www.eatthismuch.com/recipe/nutrition/tarragon-and-chive-eggs,905669/
INFO:root:222   https://www.eatthismuch.com/recipe/nutrition/keto-spinach-and-sausage-breakfast-muffins,983925/
INFO:root:223   https://www.eatthismuch.com/recipe/nutrition/fried-egg-and-sausage-ciabatta-breakfast-pizzas,45218/
INFO:root:224   https://www.eatthismuch.com/recipe/nutrition/english-muffin-egg-sandwich,906022/
INFO:root:225   https://www.eatthismuch.com/recipe/nutrition/vanilla-chia-seed-pudding,944189/
INFO:root:226   https://www.eatthismuch.com/recipe/nutrition/oat-pancakes,906275/
INFO:root:227   https://www.eatthismuch.com/recipe/nutrition/bacon-fig-and-arugula-toast,906107/
INFO:root:228   https://www.eatthismuch.com/recipe/nutrition/gluten-free-keto-pancakes,717822/
INFO:root:229   https://www.eatthismuch.com/recipe/nutrition/sticky-bun-chia-seed-pudding,338083/
INFO:root:230   https://www.eatthismuch.com/recipe/nutrition/5-minute-healthy-strawberry-frozen-yogurt,905654/
INFO:root:231   https://www.eatthismuch.com/recipe/nutrition/spinach-feta-quiche-with-sweet-potato-crust,699649/
INFO:root:232   https://www.eatthismuch.com/recipe/nutrition/vegan-pancakes,717908/
INFO:root:233   https://www.eatthismuch.com/recipe/nutrition/egg-muffins-with-sausage,1003972/
INFO:root:234   https://www.eatthismuch.com/recipe/nutrition/egg-mushroom-cups,906465/
INFO:root:235   https://www.eatthismuch.com/recipe/nutrition/breakfast-burrito,34108/
INFO:root:236   https://www.eatthismuch.com/recipe/nutrition/spinach-pepper-and-tomato-scramble-on-toast,1022429/
INFO:root:237   https://www.eatthismuch.com/recipe/nutrition/vegangf-pancakes,207252/
INFO:root:238   https://www.eatthismuch.com/recipe/nutrition/ground-beef-omelet,936045/
INFO:root:239   https://www.eatthismuch.com/recipe/nutrition/egg-white-frittata,934831/
INFO:root:240   https://www.eatthismuch.com/recipe/nutrition/chocolate-covered-berry-smoothie,962346/
INFO:root:241   https://www.eatthismuch.com/recipe/nutrition/vanilla-chai-chia-pudding,338086/
INFO:root:242   https://www.eatthismuch.com/recipe/nutrition/fried-irish-cabbage-with-bacon,36715/
INFO:root:243   https://www.eatthismuch.com/recipe/nutrition/spinach-and-mozzarella-egg-bake,967751/
INFO:root:244   https://www.eatthismuch.com/recipe/nutrition/mango-smoothie-bowl,942566/
INFO:root:245   https://www.eatthismuch.com/recipe/nutrition/pineapple-protein-chia-seed-pudding,973105/
INFO:root:246   https://www.eatthismuch.com/recipe/nutrition/maple-berry-chia-overnight-oats,905933/
INFO:root:247   https://www.eatthismuch.com/recipe/nutrition/chocolate-overnight-oats,907136/
INFO:root:248   https://www.eatthismuch.com/recipe/nutrition/egg-burrito,938732/
INFO:root:249   https://www.eatthismuch.com/recipe/nutrition/raspberry-peanut-butter-protein-smoothie,1021719/
INFO:root:250   https://www.eatthismuch.com/recipe/nutrition/low-carb-maple-pecan-pancakes,961645/
INFO:root:251   https://www.eatthismuch.com/recipe/nutrition/skinny-mini-banana-muffins,905861/
INFO:root:252   https://www.eatthismuch.com/recipe/nutrition/poached-eggs-with-bacon-and-tomatoes,1004758/
INFO:root:253   https://www.eatthismuch.com/recipe/nutrition/strawberry-banana-greek-yogurt-with-honey,905715/
INFO:root:254   https://www.eatthismuch.com/recipe/nutrition/scrambled-eggs-with-bacon-and-mushrooms,717793/
INFO:root:255   https://www.eatthismuch.com/recipe/nutrition/savory-crepes,925217/
INFO:root:256   https://www.eatthismuch.com/recipe/nutrition/paleo-tomato-and-egg-scramble,1468396/
INFO:root:257   https://www.eatthismuch.com/recipe/nutrition/turkey-and-cheese-omelet,906714/
INFO:root:258   https://www.eatthismuch.com/recipe/nutrition/banana-protein-pancakes,413003/
INFO:root:259   https://www.eatthismuch.com/recipe/nutrition/banana-oatmeal-smoothie,254476/
INFO:root:260   https://www.eatthismuch.com/recipe/nutrition/turkey-and-spinach-omelet,907152/
INFO:root:261   https://www.eatthismuch.com/recipe/nutrition/scrambled-eggs-with-sausage-and-feta,907211/
INFO:root:262   https://www.eatthismuch.com/recipe/nutrition/keto-pancakes-recipe,927237/
INFO:root:263   https://www.eatthismuch.com/recipe/nutrition/vegan-french-toast,34842/
INFO:root:264   https://www.eatthismuch.com/recipe/nutrition/blackberry-chocolate-shake,925723/
INFO:root:265   https://www.eatthismuch.com/recipe/nutrition/eggs-and-oatmeal,938729/
INFO:root:266   https://www.eatthismuch.com/recipe/nutrition/spinach-and-mushroom-eggs,924498/
INFO:root:267   https://www.eatthismuch.com/recipe/nutrition/apple-cinnamon-baked-oatmeal,937016/
INFO:root:268   https://www.eatthismuch.com/recipe/nutrition/warm-blueberry-yogurt,905598/
INFO:root:269   https://www.eatthismuch.com/recipe/nutrition/spinach-and-pear-omelet,906392/
INFO:root:270   https://www.eatthismuch.com/recipe/nutrition/simple-tofu-scramble,207270/
INFO:root:271   https://www.eatthismuch.com/recipe/nutrition/peanut-butter-oatmeal-and-berries,906362/
INFO:root:272   https://www.eatthismuch.com/recipe/nutrition/parsley-and-tomato-scramble,1014250/
INFO:root:273   https://www.eatthismuch.com/recipe/nutrition/mushroom-egg-white-omelet,906216/
INFO:root:274   https://www.eatthismuch.com/recipe/nutrition/oatmeal-and-apples,386802/
INFO:root:275   https://www.eatthismuch.com/recipe/nutrition/apple-granola-cookies,907128/
INFO:root:276   https://www.eatthismuch.com/recipe/nutrition/overnight-apple-cinnamon-oatmeal,1021595/
INFO:root:277   https://www.eatthismuch.com/recipe/nutrition/peach-mango-orange-smoothie,907083/
INFO:root:278   https://www.eatthismuch.com/recipe/nutrition/sausage-egg-and-cheese-scramble,412929/
INFO:root:279   https://www.eatthismuch.com/recipe/nutrition/buttermilk-french-toast,45585/
INFO:root:280   https://www.eatthismuch.com/recipe/nutrition/buckwheat-pancakes,939574/
INFO:root:281   https://www.eatthismuch.com/recipe/nutrition/strawberry-tofu-smoothie,906045/
INFO:root:282   https://www.eatthismuch.com/recipe/nutrition/omelet-with-cheese-and-spinach,925741/
INFO:root:283   https://www.eatthismuch.com/recipe/nutrition/egg-white-spinach-omelet,905907/
INFO:root:284   https://www.eatthismuch.com/recipe/nutrition/eggs-cheese-turkey-sausage-omelet,35583/
INFO:root:285   https://www.eatthismuch.com/recipe/nutrition/simple-meat-scramble,906580/
INFO:root:286   https://www.eatthismuch.com/recipe/nutrition/strawberry-oatmeal,717811/
INFO:root:287   https://www.eatthismuch.com/recipe/nutrition/oregano-eggs,967741/
INFO:root:288   https://www.eatthismuch.com/recipe/nutrition/peanut-butter-yogurt-oatmeal,906069/
INFO:root:289   https://www.eatthismuch.com/recipe/nutrition/apple-toast,36608/
INFO:root:290   https://www.eatthismuch.com/recipe/nutrition/tofu-eggs,927346/
INFO:root:291   https://www.eatthismuch.com/recipe/nutrition/fried-corn-with-bacon,36713/
INFO:root:292   https://www.eatthismuch.com/recipe/nutrition/scottish-porridge,205654/
INFO:root:293   https://www.eatthismuch.com/recipe/nutrition/sausage-egg-and-cheese-muffin,924554/
INFO:root:294   https://www.eatthismuch.com/recipe/nutrition/bacon-and-egg-scramble-with-bell-peppers-mushrooms,1014220/
INFO:root:295   https://www.eatthismuch.com/recipe/nutrition/greek-yogurt-pancakes-and-berry-sauce,921340/
INFO:root:296   https://www.eatthismuch.com/recipe/nutrition/quinoa-breakfast-pudding,980146/
INFO:root:297   https://www.eatthismuch.com/recipe/nutrition/baked-blueberry-oatmeal,991619/
INFO:root:298   https://www.eatthismuch.com/recipe/nutrition/breakfast-berry-cobbler,986384/
INFO:root:299   https://www.eatthismuch.com/recipe/nutrition/baked-eggs-in-ham,921830/
INFO:root:300   https://www.eatthismuch.com/recipe/nutrition/ham-pepper-and-tomato-scramble,907206/
INFO:root:301   https://www.eatthismuch.com/recipe/nutrition/pesto-scrambled-eggs,925213/
INFO:root:302   https://www.eatthismuch.com/recipe/nutrition/chia-and-guava-quark,906420/
INFO:root:303   https://www.eatthismuch.com/recipe/nutrition/banana-protein-pancakes-with-yogurt-glaze,1009711/
INFO:root:304   https://www.eatthismuch.com/recipe/nutrition/berry-soymilk-smoothie,927861/
INFO:root:305   https://www.eatthismuch.com/recipe/nutrition/strawberry-banana-paleo-breakfast-bars,980842/
INFO:root:306   https://www.eatthismuch.com/recipe/nutrition/peanut-butter-yogurt-and-oats,927918/
INFO:root:307   https://www.eatthismuch.com/recipe/nutrition/turkey-goat-cheese-and-spinach-omelet,717843/
INFO:root:308   https://www.eatthismuch.com/recipe/nutrition/iced-gingerbread-protein-doughnuts,412897/
INFO:root:309   https://www.eatthismuch.com/recipe/nutrition/fluffy-whole-wheat-biscuits,224327/
INFO:root:310   https://www.eatthismuch.com/recipe/nutrition/coconut-flour-bread,920491/
INFO:root:311   https://www.eatthismuch.com/recipe/nutrition/big-apple-pancake,57091/
INFO:root:312   https://www.eatthismuch.com/recipe/nutrition/quinoa-cinnamon-breakfast-bowl,1017618/
INFO:root:313   https://www.eatthismuch.com/recipe/nutrition/veggie-egg-white-muffins,907214/
INFO:root:314   https://www.eatthismuch.com/recipe/nutrition/strawberry-crepes,35072/
INFO:root:315   https://www.eatthismuch.com/recipe/nutrition/stuffed-breakfast-peppers,986457/
INFO:root:316   https://www.eatthismuch.com/recipe/nutrition/anabolic-blueberry-oatmeal,921324/
INFO:root:317   https://www.eatthismuch.com/recipe/nutrition/oatmeal-with-diced-fruit-and-pistachios,905890/
INFO:root:318   https://www.eatthismuch.com/recipe/nutrition/peaches-and-cream-oatmeal,412889/
INFO:root:319   https://www.eatthismuch.com/recipe/nutrition/overnight-coconut-chia-pudding-breakfast-bowl,942528/
INFO:root:320   https://www.eatthismuch.com/recipe/nutrition/chocolate-peanut-butter-pancakes,905782/
INFO:root:321   https://www.eatthismuch.com/recipe/nutrition/berry-bran-shake,1014228/
INFO:root:322   https://www.eatthismuch.com/recipe/nutrition/banana-cream-pie-oatmeal,905618/
INFO:root:323   https://www.eatthismuch.com/recipe/nutrition/pear-oatmeal,906093/
INFO:root:324   https://www.eatthismuch.com/recipe/nutrition/super-green-smoothie-bowl,906949/
INFO:root:325   https://www.eatthismuch.com/recipe/nutrition/oats-with-rice-milk-and-banana,925250/
INFO:root:326   https://www.eatthismuch.com/recipe/nutrition/vegan-banana-oat-pancakes,906509/
INFO:root:327   https://www.eatthismuch.com/recipe/nutrition/basic-vegetable-juice,1008872/
INFO:root:328   https://www.eatthismuch.com/recipe/nutrition/egg-and-kale-muffin,1004097/
INFO:root:329   https://www.eatthismuch.com/recipe/nutrition/omelet-cupcakes,1004080/
INFO:root:330   https://www.eatthismuch.com/recipe/nutrition/tomagoyaki,906084/
INFO:root:331   https://www.eatthismuch.com/recipe/nutrition/bacon-egg-and-tomato-club-sandwiches,45604/
INFO:root:332   https://www.eatthismuch.com/recipe/nutrition/steak-and-eggs-hash,34091/
INFO:root:333   https://www.eatthismuch.com/recipe/nutrition/super-green-smoothie,905936/
INFO:root:334   https://www.eatthismuch.com/recipe/nutrition/tofu-scramble,34942/
INFO:root:335   https://www.eatthismuch.com/recipe/nutrition/apple-strawberry-and-flax-smoothie,907133/
INFO:root:336   https://www.eatthismuch.com/recipe/nutrition/egg-white-oatmeal-with-blueberries,906185/
INFO:root:337   https://www.eatthismuch.com/recipe/nutrition/morning-omelet,1017584/
INFO:root:338   https://www.eatthismuch.com/recipe/nutrition/peanut-butter-protein-oats,905819/
INFO:root:339   https://www.eatthismuch.com/recipe/nutrition/coconut-flour-waffles,955706/
INFO:root:340   https://www.eatthismuch.com/recipe/nutrition/overnight-chocolate-chia-seed-pudding,948541/
INFO:root:341   https://www.eatthismuch.com/recipe/nutrition/egg-in-a-hole-sandwich,905843/
INFO:root:342   https://www.eatthismuch.com/recipe/nutrition/pumpkin-protein-pancakes,957199/
INFO:root:343   https://www.eatthismuch.com/recipe/nutrition/cinnamon-oatmeal-pancakes,47173/
INFO:root:344   https://www.eatthismuch.com/recipe/nutrition/coconut-milk-with-oatmeal-dates-and-raisins,925748/
INFO:root:345   https://www.eatthismuch.com/recipe/nutrition/avocado-toast-with-cottage-cheese-eggs,958676/
INFO:root:346   https://www.eatthismuch.com/recipe/nutrition/chia-cottage-cheese-with-blueberries,906311/
INFO:root:347   https://www.eatthismuch.com/recipe/nutrition/garlic-and-onion-frittata,717820/
INFO:root:348   https://www.eatthismuch.com/recipe/nutrition/broccoli-and-cheddar-mini-quiches,998992/
INFO:root:349   https://www.eatthismuch.com/recipe/nutrition/spicy-fried-eggs,34940/
INFO:root:350   https://www.eatthismuch.com/recipe/nutrition/vegan-oatmeal-pancakes,967732/
INFO:root:351   https://www.eatthismuch.com/recipe/nutrition/prosciutto-paleo-breakfast-muffins,1004090/
INFO:root:352   https://www.eatthismuch.com/recipe/nutrition/cinnamon-banana-and-nectarine-smoothie,905709/
INFO:root:353   https://www.eatthismuch.com/recipe/nutrition/anti-inflammatory-keto-porridge,413441/
INFO:root:354   https://www.eatthismuch.com/recipe/nutrition/cinnamon-apple-and-honey-toast,905981/
INFO:root:355   https://www.eatthismuch.com/recipe/nutrition/banana-oat-baked-french-toast,375135/
INFO:root:356   https://www.eatthismuch.com/recipe/nutrition/raspberry-coconut-parfait,947800/
INFO:root:357   https://www.eatthismuch.com/recipe/nutrition/italian-baked-eggs,992399/
INFO:root:358   https://www.eatthismuch.com/recipe/nutrition/strawberry-mango-shake,905983/
INFO:root:359   https://www.eatthismuch.com/recipe/nutrition/egg-in-a-nest,34088/
INFO:root:360   https://www.eatthismuch.com/recipe/nutrition/tropical-breakfast-quinoa,413000/
INFO:root:361   https://www.eatthismuch.com/recipe/nutrition/chicken-stir-fry,34740/
INFO:root:362   https://www.eatthismuch.com/recipe/nutrition/protein-power-oats,1015985/
INFO:root:363   https://www.eatthismuch.com/recipe/nutrition/banana-and-berries-smoothie,940683/
INFO:root:364   https://www.eatthismuch.com/recipe/nutrition/overnight-chai-chia-breakfast-parfait,936028/
INFO:root:365   https://www.eatthismuch.com/recipe/nutrition/high-fat-chorizo-cheese-and-egg-burrito,966092/
INFO:root:366   https://www.eatthismuch.com/recipe/nutrition/chocolate-granola,906453/
INFO:root:367   https://www.eatthismuch.com/recipe/nutrition/easy-bacon-and-cheese-quiche,35004/
INFO:root:368   https://www.eatthismuch.com/recipe/nutrition/german-french-toast,36727/
INFO:root:369   https://www.eatthismuch.com/recipe/nutrition/muesli-and-yogurt-with-chia,905549/
INFO:root:370   https://www.eatthismuch.com/recipe/nutrition/grilled-breakfast-pizza,939671/
INFO:root:371   https://www.eatthismuch.com/recipe/nutrition/crepes,905572/
INFO:root:372   https://www.eatthismuch.com/recipe/nutrition/yummy-crepes,36562/
INFO:root:373   https://www.eatthismuch.com/recipe/nutrition/greens-and-turkey-breakfast-bowl,906259/
INFO:root:374   https://www.eatthismuch.com/recipe/nutrition/breakfast-pita-pizza,34083/
INFO:root:375   https://www.eatthismuch.com/recipe/nutrition/chunky-monkey-overnight-oats,947763/
INFO:root:376   https://www.eatthismuch.com/recipe/nutrition/tofu-scramble-and-avocado-toast,973773/
INFO:root:377   https://www.eatthismuch.com/recipe/nutrition/breakfast-potatoes-and-bacon,998119/
INFO:root:378   https://www.eatthismuch.com/recipe/nutrition/breakfast-taquitos,953995/
INFO:root:379   https://www.eatthismuch.com/recipe/nutrition/match-green-tea-chia-pudding,338085/
INFO:root:380   https://www.eatthismuch.com/recipe/nutrition/practical-paleo-swirly-crustless-quiche,38192/
INFO:root:381   https://www.eatthismuch.com/recipe/nutrition/mango-chia-pudding,338105/
INFO:root:382   https://www.eatthismuch.com/recipe/nutrition/pumpkin-spice-breakfast-muffins,968829/
INFO:root:383   https://www.eatthismuch.com/recipe/nutrition/sausage-and-cheese-breakfast-cups,209450/
INFO:root:384   https://www.eatthismuch.com/recipe/nutrition/orange-blueberry-yogurt-smoothie,906586/
INFO:root:385   https://www.eatthismuch.com/recipe/nutrition/bagel-with-cream-cheese-and-lox,906737/
INFO:root:386   https://www.eatthismuch.com/recipe/nutrition/paleo-breakfast-cookies,979396/
INFO:root:387   https://www.eatthismuch.com/recipe/nutrition/zucchini-frittata,56825/
INFO:root:388   https://www.eatthismuch.com/recipe/nutrition/avocado-breakfast-smoothie,1012946/
INFO:root:389   https://www.eatthismuch.com/recipe/nutrition/spiced-sweet-potato-and-goat-cheese-egg-skillet,211396/
INFO:root:390   https://www.eatthismuch.com/recipe/nutrition/oat-bran-pancake,1019299/
INFO:root:391   https://www.eatthismuch.com/recipe/nutrition/spiced-berry-cobbler-oatmeal,905984/
INFO:root:392   https://www.eatthismuch.com/recipe/nutrition/pesto-pasta-with-grilled-chicken,947692/
INFO:root:393   https://www.eatthismuch.com/recipe/nutrition/coconut-flour-english-muffins,925232/
INFO:root:394   https://www.eatthismuch.com/recipe/nutrition/overnight-oats-in-a-jar,924555/
INFO:root:395   https://www.eatthismuch.com/recipe/nutrition/bare-banana-chia-shake,905910/
INFO:root:396   https://www.eatthismuch.com/recipe/nutrition/overnight-blackberry-coconut-chia-seed-pudding,1023392/
INFO:root:397   https://www.eatthismuch.com/recipe/nutrition/cream-of-wheat,939567/
INFO:root:398   https://www.eatthismuch.com/recipe/nutrition/banana-kiwi-and-yogurt-smoothie,906528/
INFO:root:399   https://www.eatthismuch.com/recipe/nutrition/red-pepper-avocado-toast,927290/
INFO:root:400   https://www.eatthismuch.com/recipe/nutrition/vega-one-blackberry-strawberry-and-acai-smoothie,924542/
INFO:root:401   https://www.eatthismuch.com/recipe/nutrition/peanut-butter-swirl-brownies,976331/
INFO:root:402   https://www.eatthismuch.com/recipe/nutrition/blueberry-banana-breakfast-bars,980137/
INFO:root:403   https://www.eatthismuch.com/recipe/nutrition/cinnamon-porridge-with-blueberries-and-coconut-yog,412880/
INFO:root:404   https://www.eatthismuch.com/recipe/nutrition/eggs-cheese-and-mushroom-omelet,906809/
INFO:root:405   https://www.eatthismuch.com/recipe/nutrition/denver-omelet,253964/
INFO:root:406   https://www.eatthismuch.com/recipe/nutrition/4-ingredient-protein-bars,921866/
INFO:root:407   https://www.eatthismuch.com/recipe/nutrition/3-ingredient-protein-pancakes,717765/
INFO:root:408   https://www.eatthismuch.com/recipe/nutrition/turkey-goat-cheese-and-spinach-egg-white-omelet,717875/
INFO:root:409   https://www.eatthismuch.com/recipe/nutrition/peanut-butter-banana-oatmeal-shake,906542/
INFO:root:410   https://www.eatthismuch.com/recipe/nutrition/vegan-breakfast-potatoes,906699/
INFO:root:411   https://www.eatthismuch.com/recipe/nutrition/caramelized-onion-frittata,34381/
INFO:root:412   https://www.eatthismuch.com/recipe/nutrition/oatmeal-banana-pancakes,47105/
INFO:root:413   https://www.eatthismuch.com/recipe/nutrition/lowcountry-breakfast-shrimp,45482/
INFO:root:414   https://www.eatthismuch.com/recipe/nutrition/berry-chia-pudding,906223/
INFO:root:415   https://www.eatthismuch.com/recipe/nutrition/chocolate-peanut-butter-pancakes,929906/
INFO:root:416   https://www.eatthismuch.com/recipe/nutrition/tomatillo-and-avocado-scramble,207909/
INFO:root:417   https://www.eatthismuch.com/recipe/nutrition/avocado-egg-bake,906721/
INFO:root:418   https://www.eatthismuch.com/recipe/nutrition/cheesy-egg-muffins,925214/
INFO:root:419   https://www.eatthismuch.com/recipe/nutrition/apple-pecan-steel-cut-oats,1022492/
INFO:root:420   https://www.eatthismuch.com/recipe/nutrition/banana-oatmeal,33511/
INFO:root:421   https://www.eatthismuch.com/recipe/nutrition/low-carb-breakfast-lasagna,388903/
INFO:root:422   https://www.eatthismuch.com/recipe/nutrition/knock-oats,56257/
INFO:root:423   https://www.eatthismuch.com/recipe/nutrition/cheese-bacon-and-egg-breakfast-scramble,976349/
INFO:root:424   https://www.eatthismuch.com/recipe/nutrition/crustless-spinach-quiche,34999/
INFO:root:425   https://www.eatthismuch.com/recipe/nutrition/protein-greek-yogurt-and-fruit-salad,906519/
INFO:root:426   https://www.eatthismuch.com/recipe/nutrition/hummus-eggs,1011206/
INFO:root:427   https://www.eatthismuch.com/recipe/nutrition/omelet-with-feta-and-bacon,906889/
INFO:root:428   https://www.eatthismuch.com/recipe/nutrition/egg-in-a-basket,46007/
INFO:root:429   https://www.eatthismuch.com/recipe/nutrition/breakfast-sandwich,907180/
INFO:root:430   https://www.eatthismuch.com/recipe/nutrition/cream-cheese-omelet,717798/
INFO:root:431   https://www.eatthismuch.com/recipe/nutrition/mexican-pepper-and-cheese-breakfast-quesadilla,905991/
INFO:root:432   https://www.eatthismuch.com/recipe/nutrition/cinnamon-apple-oatmeal,907076/
INFO:root:433   https://www.eatthismuch.com/recipe/nutrition/fluffy-omelet-with-cheese-and-spinach,33531/
INFO:root:434   https://www.eatthismuch.com/recipe/nutrition/oatmeal-and-peaches,34544/
INFO:root:435   https://www.eatthismuch.com/recipe/nutrition/pice-de-gallo-egg-white-cups,717766/
INFO:root:436   https://www.eatthismuch.com/recipe/nutrition/paleo-pancakes,924577/
INFO:root:437   https://www.eatthismuch.com/recipe/nutrition/baked-blueberry-peach-oatmeal,1004108/
INFO:root:438   https://www.eatthismuch.com/recipe/nutrition/apple-crumble-supreme,921892/
INFO:root:439   https://www.eatthismuch.com/recipe/nutrition/oatmeal-with-maple-syrup-almond-milk-and-bacon,1022436/
INFO:root:440   https://www.eatthismuch.com/recipe/nutrition/cinnamon-porridge-with-blueberries-and-coconut-yog,925730/
INFO:root:441   https://www.eatthismuch.com/recipe/nutrition/breakfast-carrot-cake,967057/
INFO:root:442   https://www.eatthismuch.com/recipe/nutrition/cinnamon-banana-mug-cake,906429/
INFO:root:443   https://www.eatthismuch.com/recipe/nutrition/blueberry-protein-pudding,386736/
INFO:root:444   https://www.eatthismuch.com/recipe/nutrition/overnight-carrot-cake-porridge,1012810/
INFO:root:445   https://www.eatthismuch.com/recipe/nutrition/tuna-melt-omelet,905625/
INFO:root:446   https://www.eatthismuch.com/recipe/nutrition/healthy-banana-oat-pancakes,905682/
INFO:root:447   https://www.eatthismuch.com/recipe/nutrition/berry-yogurt-smoothie,929987/
INFO:root:448   https://www.eatthismuch.com/recipe/nutrition/denver-omelet,225159/
INFO:root:449   https://www.eatthismuch.com/recipe/nutrition/southwest-salsa-eggs,906743/
INFO:root:450   https://www.eatthismuch.com/recipe/nutrition/tomato-cream-cheese-and-pepper-sandwich,906419/
INFO:root:451   https://www.eatthismuch.com/recipe/nutrition/buttered-toast-with-cinnamon,906422/
INFO:root:452   https://www.eatthismuch.com/recipe/nutrition/blueberry-and-brazil-nut-oatmeal,906289/
INFO:root:453   https://www.eatthismuch.com/recipe/nutrition/oranges,477502/
INFO:root:454   https://www.eatthismuch.com/recipe/nutrition/breakfast-margherita-pizza,1030016/
INFO:root:455   https://www.eatthismuch.com/recipe/nutrition/buckwheat-banana-pancakes,955660/
INFO:root:456   https://www.eatthismuch.com/recipe/nutrition/heuvos-rancheros,905799/
INFO:root:457   https://www.eatthismuch.com/recipe/nutrition/blueberry-maple-syrup-oatmeal,1019339/
INFO:root:458   https://www.eatthismuch.com/recipe/nutrition/cinnamon-yogurt-with-sliced-apple,1014244/
INFO:root:459   https://www.eatthismuch.com/recipe/nutrition/rooster-bullet-sandwich,34829/
INFO:root:460   https://www.eatthismuch.com/recipe/nutrition/classic-avocado-toast,942517/
INFO:root:461   https://www.eatthismuch.com/recipe/nutrition/egg-whites-on-toast,931806/
INFO:root:462   https://www.eatthismuch.com/recipe/nutrition/peanut-butter-banana-toast,39533/
INFO:root:463   https://www.eatthismuch.com/recipe/nutrition/blueberry-parfait,920492/
INFO:root:464   https://www.eatthismuch.com/recipe/nutrition/spinach-and-mushroom-breakfast-scramble,1008874/
INFO:root:465   https://www.eatthismuch.com/recipe/nutrition/quick-and-easy-home-fries,206224/
INFO:root:466   https://www.eatthismuch.com/recipe/nutrition/egg-and-cheese-breakfast-sandwich,717847/
INFO:root:467   https://www.eatthismuch.com/recipe/nutrition/peach-avocado-smoothie,906482/
INFO:root:468   https://www.eatthismuch.com/recipe/nutrition/swiss-bircher-muesli,34864/
INFO:root:469   https://www.eatthismuch.com/recipe/nutrition/eggs-on-toast-with-goat-cheese-peas,416865/
INFO:root:470   https://www.eatthismuch.com/recipe/nutrition/bacon-cheddar-steel-cut-oatmeal,213325/
INFO:root:471   https://www.eatthismuch.com/recipe/nutrition/spinach-goat-cheese-and-chorizo-omelet,956508/
INFO:root:472   https://www.eatthismuch.com/recipe/nutrition/fruity-kale-morning-smoothie,1009746/
INFO:root:473   https://www.eatthismuch.com/recipe/nutrition/quinoa-and-egg-enchilada-skillet,991688/
INFO:root:474   https://www.eatthismuch.com/recipe/nutrition/chai-chia-pudding-no-sugar,412893/
INFO:root:475   https://www.eatthismuch.com/recipe/nutrition/overnight-chia-pudding,936978/
INFO:root:476   https://www.eatthismuch.com/recipe/nutrition/overnight-banana-nut-porridge,956564/
INFO:root:477   https://www.eatthismuch.com/recipe/nutrition/pumpkin-gingerbread-smoothie,920495/
INFO:root:478   https://www.eatthismuch.com/recipe/nutrition/grapefruit-ginger-chia-pudding,338101/
INFO:root:479   https://www.eatthismuch.com/recipe/nutrition/quinoa-superfood-breakfast-bowl,377393/
INFO:root:480   https://www.eatthismuch.com/recipe/nutrition/date-and-pistachio-porridge,987088/
INFO:root:481   https://www.eatthismuch.com/recipe/nutrition/overnight-oats,925241/
INFO:root:482   https://www.eatthismuch.com/recipe/nutrition/bacon-egg-and-cheese-breakfast-bagel,1015949/
INFO:root:483   https://www.eatthismuch.com/recipe/nutrition/cucumber-apple-berry-smoothie,906998/
INFO:root:484   https://www.eatthismuch.com/recipe/nutrition/protein-breakfast-muffin,927824/
INFO:root:485   https://www.eatthismuch.com/recipe/nutrition/coconut-cinnamon-oats,951750/
INFO:root:486   https://www.eatthismuch.com/recipe/nutrition/simple-vegan-date-bars,378536/
INFO:root:487   https://www.eatthismuch.com/recipe/nutrition/everything-bagel-with-cream-cheese-and-cucumber,1022511/
INFO:root:488   https://www.eatthismuch.com/recipe/nutrition/apricot-smoothie,925747/
INFO:root:489   https://www.eatthismuch.com/recipe/nutrition/mixed-berry-morning-smoothie,924568/
INFO:root:490   https://www.eatthismuch.com/recipe/nutrition/yam-muffins,999593/
INFO:root:491   https://www.eatthismuch.com/recipe/nutrition/high-protein-banana-oatcake,905752/
INFO:root:492   https://www.eatthismuch.com/recipe/nutrition/spinach-date-and-almond-green-smoothie,939606/
INFO:root:493   https://www.eatthismuch.com/recipe/nutrition/paleo-cocoa-puffs,986445/
INFO:root:494   https://www.eatthismuch.com/recipe/nutrition/omelette-with-goat-cheese-and-bacon,34797/
INFO:root:495   https://www.eatthismuch.com/recipe/nutrition/country-sausage-gravy,925731/
INFO:root:496   https://www.eatthismuch.com/recipe/nutrition/egg-white-omelet,254454/
INFO:root:497   https://www.eatthismuch.com/recipe/nutrition/chocolate-oats,906358/
INFO:root:498   https://www.eatthismuch.com/recipe/nutrition/acai-berry-smoothie,948583/
INFO:root:499   https://www.eatthismuch.com/recipe/nutrition/cucumber-avocado-soup-soupe-glacee-a-lavocat,39221/
INFO:root:500   https://www.eatthismuch.com/recipe/nutrition/blueberry-shake,45693/
INFO:root:501   https://www.eatthismuch.com/recipe/nutrition/banana-and-kale-smoothie,927342/
INFO:root:502   https://www.eatthismuch.com/recipe/nutrition/simple-chicken-sandwich,931792/
INFO:root:503   https://www.eatthismuch.com/recipe/nutrition/keto-breakfast-burger,940693/
INFO:root:504   https://www.eatthismuch.com/recipe/nutrition/strawberry-spinach-and-ginger-thick-green-smoothie,905778/
INFO:root:505   https://www.eatthismuch.com/recipe/nutrition/german-pancakes,36728/
INFO:root:506   https://www.eatthismuch.com/recipe/nutrition/skinny-greek-omelet,934827/
INFO:root:507   https://www.eatthismuch.com/recipe/nutrition/tropical-coconut-oatmeal,378823/
INFO:root:508   https://www.eatthismuch.com/recipe/nutrition/chocolate-avocado-toast,950217/
INFO:root:509   https://www.eatthismuch.com/recipe/nutrition/grab-and-go-breakfast-muffins,998011/
INFO:root:510   https://www.eatthismuch.com/recipe/nutrition/chocolate-peanut-butter-overnight-oats,947705/
INFO:root:511   https://www.eatthismuch.com/recipe/nutrition/tropical-fruit-salad,921904/
INFO:root:512   https://www.eatthismuch.com/recipe/nutrition/apple-oatmeal,1011209/
INFO:root:513   https://www.eatthismuch.com/recipe/nutrition/nectarine-and-stawberry-porridge,949327/
INFO:root:514   https://www.eatthismuch.com/recipe/nutrition/smores-granola,993017/
INFO:root:515   https://www.eatthismuch.com/recipe/nutrition/cream-cheese-lox-and-capers-english-muffin,906708/
INFO:root:516   https://www.eatthismuch.com/recipe/nutrition/caprese-eggs-and-portabella-mushrooms,907049/
INFO:root:517   https://www.eatthismuch.com/recipe/nutrition/hot-and-spicy-indian-scrambled-egg-chutney,386786/
INFO:root:518   https://www.eatthismuch.com/recipe/nutrition/overnight-raspberry-vanilla-muesli,906418/
INFO:root:519   https://www.eatthismuch.com/recipe/nutrition/peach-and-blueberry-parfait,717844/
INFO:root:520   https://www.eatthismuch.com/recipe/nutrition/to-go-breakfast-quesadillas,412911/
INFO:root:521   https://www.eatthismuch.com/recipe/nutrition/microwave-poached-eggs,39219/
INFO:root:522   https://www.eatthismuch.com/recipe/nutrition/cauliflower-and-feta-omelet,45302/
INFO:root:523   https://www.eatthismuch.com/recipe/nutrition/banana-bread-oatmeal,45696/
INFO:root:524   https://www.eatthismuch.com/recipe/nutrition/morning-fruity-protein-shake,927771/
INFO:root:525   https://www.eatthismuch.com/recipe/nutrition/overnight-banana-and-zucchini-oats,949328/
INFO:root:526   https://www.eatthismuch.com/recipe/nutrition/blueberry-oatmeal-smoothie,906549/
INFO:root:527   https://www.eatthismuch.com/recipe/nutrition/fried-egg-sandwich,931796/
INFO:root:528   https://www.eatthismuch.com/recipe/nutrition/cream-cheese-omelet,906807/
INFO:root:529   https://www.eatthismuch.com/recipe/nutrition/zucchini-bread-overnight-oats,950208/
INFO:root:530   https://www.eatthismuch.com/recipe/nutrition/ham-and-veggie-omelet,930883/
INFO:root:531   https://www.eatthismuch.com/recipe/nutrition/scrambled-eggs-with-bacon-and-avocado,905835/
INFO:root:532   https://www.eatthismuch.com/recipe/nutrition/sausage-and-sweet-potato-casserole,989839/
INFO:root:533   https://www.eatthismuch.com/recipe/nutrition/english-muffin-breakfast-pizza,963099/
INFO:root:534   https://www.eatthismuch.com/recipe/nutrition/creme-fraiche-and-chive-scrambled-eggs,906977/
INFO:root:535   https://www.eatthismuch.com/recipe/nutrition/vanilla-greek-yogurt,254520/
INFO:root:536   https://www.eatthismuch.com/recipe/nutrition/apple-walnut-parfait,1019347/
INFO:root:537   https://www.eatthismuch.com/recipe/nutrition/simple-vegetable-egg-bake,421993/
INFO:root:538   https://www.eatthismuch.com/recipe/nutrition/kimchi-tofu-scramble-tacos,958709/
INFO:root:539   https://www.eatthismuch.com/recipe/nutrition/basic-egg-white-omelet,34085/
INFO:root:540   https://www.eatthismuch.com/recipe/nutrition/ham-and-cheese-quiche,34998/
INFO:root:541   https://www.eatthismuch.com/recipe/nutrition/chocolate-avocado-smoothie,946463/
INFO:root:542   https://www.eatthismuch.com/recipe/nutrition/coffee-and-banana-protein-smoothie,968768/
INFO:root:543   https://www.eatthismuch.com/recipe/nutrition/baked-sausage-spinach-and-egg-taquitos,942584/
INFO:root:544   https://www.eatthismuch.com/recipe/nutrition/scrambled-eggs-with-smoked-salmon-and-lemon-cream,45504/
INFO:root:545   https://www.eatthismuch.com/recipe/nutrition/belgian-waffles,936056/
INFO:root:546   https://www.eatthismuch.com/recipe/nutrition/egg-white-spinach-feta-wrap,906397/
INFO:root:547   https://www.eatthismuch.com/recipe/nutrition/super-pancakes,45238/
INFO:root:548   https://www.eatthismuch.com/recipe/nutrition/protein-tiramisu-pancakes,56475/
INFO:root:549   https://www.eatthismuch.com/recipe/nutrition/savory-manicotti-pancakes,1181251/
INFO:root:550   https://www.eatthismuch.com/recipe/nutrition/salmon-potato-scramble,33961/
INFO:root:551   https://www.eatthismuch.com/recipe/nutrition/whole-grain-pancakes-with-wild-blueberry-maple-syr,56983/
INFO:root:552   https://www.eatthismuch.com/recipe/nutrition/skinny-veggie-egg-muffins,906400/
INFO:root:553   https://www.eatthismuch.com/recipe/nutrition/savory-cheese-chive-waffles,211867/
INFO:root:554   https://www.eatthismuch.com/recipe/nutrition/cornflake-crunch-french-toast,940704/
INFO:root:555   https://www.eatthismuch.com/recipe/nutrition/greek-yogurt-and-jam-parfait,906908/
INFO:root:556   https://www.eatthismuch.com/recipe/nutrition/overnight-chia-seed-oatmeal,1015981/
INFO:root:557   https://www.eatthismuch.com/recipe/nutrition/spinach-onion-scramble,413015/
INFO:root:558   https://www.eatthismuch.com/recipe/nutrition/french-toast-with-fruit,35060/
INFO:root:559   https://www.eatthismuch.com/recipe/nutrition/basic-scrambled-eggs,34096/
INFO:root:560   https://www.eatthismuch.com/recipe/nutrition/high-protein-pancakes,1030003/
INFO:root:561   https://www.eatthismuch.com/recipe/nutrition/skinny-pancakes,906497/
INFO:root:562   https://www.eatthismuch.com/recipe/nutrition/pesto-scrambled-eggs,38199/
INFO:root:563   https://www.eatthismuch.com/recipe/nutrition/oatmeal-and-raisins,34542/
INFO:root:564   https://www.eatthismuch.com/recipe/nutrition/oat-bran-and-cinnamon,34576/
INFO:root:565   https://www.eatthismuch.com/recipe/nutrition/cinnamon-vanilla-breakfast-protein-bites,338110/
INFO:root:566   https://www.eatthismuch.com/recipe/nutrition/baked-spinach-and-eggs,385883/
INFO:root:567   https://www.eatthismuch.com/recipe/nutrition/thin-green-spinach-and-herb-omelet,211297/
INFO:root:568   https://www.eatthismuch.com/recipe/nutrition/peanut-butter-raisin-oatmeal,1011238/
INFO:root:569   https://www.eatthismuch.com/recipe/nutrition/quick-banana-berry-breakfast,921899/
INFO:root:570   https://www.eatthismuch.com/recipe/nutrition/quinoa-and-berries,1014262/
INFO:root:571   https://www.eatthismuch.com/recipe/nutrition/dried-fruit-and-almond-granola,905671/
INFO:root:572   https://www.eatthismuch.com/recipe/nutrition/simple-california-omelet,947685/
INFO:root:573   https://www.eatthismuch.com/recipe/nutrition/raspberry-scones,907151/
INFO:root:574   https://www.eatthismuch.com/recipe/nutrition/vanilla-blueberry-protein-muffins,980084/
INFO:root:575   https://www.eatthismuch.com/recipe/nutrition/ricotta-blueberry-pancakes,698234/
INFO:root:576   https://www.eatthismuch.com/recipe/nutrition/quick-ham-grits,34086/
INFO:root:577   https://www.eatthismuch.com/recipe/nutrition/scrambled-eggs-with-chorizo-and-tortillas,45099/
INFO:root:578   https://www.eatthismuch.com/recipe/nutrition/turkey-egg-white-omelet,906862/
INFO:root:579   https://www.eatthismuch.com/recipe/nutrition/classic-hash-browns,36565/
INFO:root:580   https://www.eatthismuch.com/recipe/nutrition/scrambled-eggs-avocado-and-smoked-salmon-on-toast,906015/
INFO:root:581   https://www.eatthismuch.com/recipe/nutrition/skillet-baked-eggs,954961/
INFO:root:582   https://www.eatthismuch.com/recipe/nutrition/cinnamon-french-toast,944774/
INFO:root:583   https://www.eatthismuch.com/recipe/nutrition/soft-boiled-eggs-toast,852857/
INFO:root:584   https://www.eatthismuch.com/recipe/nutrition/scrambled-eggs-with-chorizo,906523/
INFO:root:585   https://www.eatthismuch.com/recipe/nutrition/ham-and-egg-mushroom-cups,56754/
INFO:root:586   https://www.eatthismuch.com/recipe/nutrition/blueberry-vanilla-greek-yogurt,906104/
INFO:root:587   https://www.eatthismuch.com/recipe/nutrition/scrambled-eggs-and-broccoli,925720/
INFO:root:588   https://www.eatthismuch.com/recipe/nutrition/bacon-egg-and-cheese-in-a-mug,905550/
INFO:root:589   https://www.eatthismuch.com/recipe/nutrition/cottage-cheese-pancakes,36595/
INFO:root:590   https://www.eatthismuch.com/recipe/nutrition/gluten-free-banana-egg-pancake,211293/
INFO:root:591   https://www.eatthismuch.com/recipe/nutrition/asparagus-and-cashew-omelet,54630/
INFO:root:592   https://www.eatthismuch.com/recipe/nutrition/mini-vegetable-frittatas,906860/
INFO:root:593   https://www.eatthismuch.com/recipe/nutrition/green-eggs,906012/
INFO:root:594   https://www.eatthismuch.com/recipe/nutrition/low-carb-blueberry-muffin,987051/
INFO:root:595   https://www.eatthismuch.com/recipe/nutrition/egg-and-veggie-breakfast-sandwich,957200/
INFO:root:596   https://www.eatthismuch.com/recipe/nutrition/cinnamon-oatmeal-pancakes,209445/
INFO:root:597   https://www.eatthismuch.com/recipe/nutrition/smoky-scrambled-eggs,412885/
INFO:root:598   https://www.eatthismuch.com/recipe/nutrition/soft-scrambled-eggs-with-goat-cheese-and-asparagus,924585/
INFO:root:599   https://www.eatthismuch.com/recipe/nutrition/oatmeal-banana-peanut-butter-chocolate-shake,43621/
INFO:root:600   https://www.eatthismuch.com/recipe/nutrition/maple-brown-sugar-oatmeal,905744/
INFO:root:601   https://www.eatthismuch.com/recipe/nutrition/blueberry-muffin-overnight-oats,906208/
INFO:root:602   https://www.eatthismuch.com/recipe/nutrition/cinnamon-blueberry-oatmeal,921893/
INFO:root:603   https://www.eatthismuch.com/recipe/nutrition/10-minute-energizing-oatmeal,921900/
INFO:root:604   https://www.eatthismuch.com/recipe/nutrition/banana-nut-oatmeal,944791/
INFO:root:605   https://www.eatthismuch.com/recipe/nutrition/cinnamon-porridge-with-blueberries-and-greek-yogur,924597/
INFO:root:606   https://www.eatthismuch.com/recipe/nutrition/whole-wheat-toast,814308/
INFO:root:607   https://www.eatthismuch.com/recipe/nutrition/spinach-frittata-with-sweet-potato-crust,416875/
INFO:root:608   https://www.eatthismuch.com/recipe/nutrition/cheesy-veggie-bake,962373/
INFO:root:609   https://www.eatthismuch.com/recipe/nutrition/sweet-potato-muffins,56834/
INFO:root:610   https://www.eatthismuch.com/recipe/nutrition/blueberry-smoothie,939599/
INFO:root:611   https://www.eatthismuch.com/recipe/nutrition/spinach-scrambled-eggs,906880/
INFO:root:612   https://www.eatthismuch.com/recipe/nutrition/carrot-cake-oatmeal,931786/
INFO:root:613   https://www.eatthismuch.com/recipe/nutrition/eggs-with-hats-on-top,39289/
INFO:root:614   https://www.eatthismuch.com/recipe/nutrition/spinach-swiss-and-egg-white-omelet,906792/
INFO:root:615   https://www.eatthismuch.com/recipe/nutrition/breakfast-quinoa,717761/
INFO:root:616   https://www.eatthismuch.com/recipe/nutrition/zucchini-hash,254574/
INFO:root:617   https://www.eatthismuch.com/recipe/nutrition/eggs-with-onion-and-green-pepper,907123/
INFO:root:618   https://www.eatthismuch.com/recipe/nutrition/morning-roasted-potatoes,36642/
INFO:root:619   https://www.eatthismuch.com/recipe/nutrition/orange-breakfast-quinoa,906055/
INFO:root:620   https://www.eatthismuch.com/recipe/nutrition/strawberries,477663/
INFO:root:621   https://www.eatthismuch.com/recipe/nutrition/easy-to-peel-hard-boiled-eggs,39296/
INFO:root:622   https://www.eatthismuch.com/recipe/nutrition/mushroom-spinach-omelet-recipe,717785/
INFO:root:623   https://www.eatthismuch.com/recipe/nutrition/low-carb-asiago-baked-eggs,417275/
INFO:root:624   https://www.eatthismuch.com/recipe/nutrition/oatmeal-with-blueberries-sunflower-seeds-and-agave,905703/
INFO:root:625   https://www.eatthismuch.com/recipe/nutrition/ham-and-egg-scramble,928005/
INFO:root:626   https://www.eatthismuch.com/recipe/nutrition/scrambled-eggs-with-spinach-and-feta,207668/
INFO:root:627   https://www.eatthismuch.com/recipe/nutrition/prosciutto-wrapped-mini-frittata-muffins,978548/
INFO:root:628   https://www.eatthismuch.com/recipe/nutrition/clean-eating-protein-pancakes,925225/
INFO:root:629   https://www.eatthismuch.com/recipe/nutrition/protein-silver-dollar-blueberry-pancakes,1015984/
INFO:root:630   https://www.eatthismuch.com/recipe/nutrition/hazelnut-and-banana-sushi,341850/
INFO:root:631   https://www.eatthismuch.com/recipe/nutrition/over-easy-eggs,717884/
INFO:root:632   https://www.eatthismuch.com/recipe/nutrition/basic-eggs,905711/
INFO:root:633   https://www.eatthismuch.com/recipe/nutrition/raisin-oat-muffins,906176/
INFO:root:634   https://www.eatthismuch.com/recipe/nutrition/papaya-and-oat-chia-smoothie,907131/
INFO:root:635   https://www.eatthismuch.com/recipe/nutrition/overnight-oats-with-figs-and-honey,961765/
INFO:root:636   https://www.eatthismuch.com/recipe/nutrition/vegetarian-quorn-colombian-scrambed-eggs,955645/
INFO:root:637   https://www.eatthismuch.com/recipe/nutrition/berry-almond-green-smoothie,930960/
INFO:root:638   https://www.eatthismuch.com/recipe/nutrition/kale-peppers-tomatoes-and-cashew-scramble,906212/
INFO:root:639   https://www.eatthismuch.com/recipe/nutrition/almond-butter-smoothie,939598/
INFO:root:640   https://www.eatthismuch.com/recipe/nutrition/bruleed-banana-and-peanut-butter-english-muffins,386724/
INFO:root:641   https://www.eatthismuch.com/recipe/nutrition/microwave-amaranth-porridge,906398/
INFO:root:642   https://www.eatthismuch.com/recipe/nutrition/dark-chocolate-oatmeal,49592/
INFO:root:643   https://www.eatthismuch.com/recipe/nutrition/hawaiian-pineapple-egg-scramble,907184/
INFO:root:644   https://www.eatthismuch.com/recipe/nutrition/buckwheat-groats-with-milk,906086/
INFO:root:645   https://www.eatthismuch.com/recipe/nutrition/scrambled-eggs-on-toast-with-vegemite-and-avocado,1012760/
INFO:root:646   https://www.eatthismuch.com/recipe/nutrition/spinach-and-poached-egg-muffins,936001/
INFO:root:647   https://www.eatthismuch.com/recipe/nutrition/baked-apples-with-maple-syrup-and-granola,35200/
INFO:root:648   https://www.eatthismuch.com/recipe/nutrition/island-in-the-sun-smoothie,962344/
INFO:root:649   https://www.eatthismuch.com/recipe/nutrition/southwest-omelet,1009705/
INFO:root:650   https://www.eatthismuch.com/recipe/nutrition/overnight-blueberry-maple-oatmeal,1019366/
INFO:root:651   https://www.eatthismuch.com/recipe/nutrition/sunflower-butter-smoothie,717906/
INFO:root:652   https://www.eatthismuch.com/recipe/nutrition/puffy-corn-omelet,45291/
INFO:root:653   https://www.eatthismuch.com/recipe/nutrition/peach-yogurt-bowl,412990/
INFO:root:654   https://www.eatthismuch.com/recipe/nutrition/cottage-cheese-spinach-and-tomato-omelet,956541/
INFO:root:655   https://www.eatthismuch.com/recipe/nutrition/cold-flax-oatmeal,933719/
INFO:root:656   https://www.eatthismuch.com/recipe/nutrition/pear-green-smoothie,920483/
INFO:root:657   https://www.eatthismuch.com/recipe/nutrition/banana-flax-pancakes,956522/
INFO:root:658   https://www.eatthismuch.com/recipe/nutrition/grain-free-apple-almond-pancakes,717863/
INFO:root:659   https://www.eatthismuch.com/recipe/nutrition/classic-scones-with-jam,947733/
INFO:root:660   https://www.eatthismuch.com/recipe/nutrition/light-nectarine-yogurt,938689/
INFO:root:661   https://www.eatthismuch.com/recipe/nutrition/steam-callaloo,853843/
INFO:root:662   https://www.eatthismuch.com/recipe/nutrition/corned-beef-on-toast,36592/
INFO:root:663   https://www.eatthismuch.com/recipe/nutrition/low-carb-eggs-in-a-nest,390659/
INFO:root:664   https://www.eatthismuch.com/recipe/nutrition/banana-and-peanut-butter-swirl-muffins,966126/
INFO:root:665   https://www.eatthismuch.com/recipe/nutrition/coconut-peach-smoothie,946458/
INFO:root:666   https://www.eatthismuch.com/recipe/nutrition/overnight-blueberry-chia-seed-oatmeal,950238/
INFO:root:667   https://www.eatthismuch.com/recipe/nutrition/open-face-breakfast-sandwich,906183/
INFO:root:668   https://www.eatthismuch.com/recipe/nutrition/corned-beef-hash,36590/
INFO:root:669   https://www.eatthismuch.com/recipe/nutrition/protein-waffles,1019309/
INFO:root:670   https://www.eatthismuch.com/recipe/nutrition/coconut-banana-oatmeal-smoothie,906122/
INFO:root:671   https://www.eatthismuch.com/recipe/nutrition/keto-pancakes,924621/
INFO:root:672   https://www.eatthismuch.com/recipe/nutrition/cinnamon-sugar-apple-muffins,967723/
INFO:root:673   https://www.eatthismuch.com/recipe/nutrition/orange-creamcicle-chia-pudding,337823/
INFO:root:674   https://www.eatthismuch.com/recipe/nutrition/eggs-turkey-spinach-roasted-potatoes,991697/
INFO:root:675   https://www.eatthismuch.com/recipe/nutrition/seedy-avocado-toast,412975/
INFO:root:676   https://www.eatthismuch.com/recipe/nutrition/light-raspberry-yogurt,34572/
INFO:root:677   https://www.eatthismuch.com/recipe/nutrition/keto-jalepeno-breakfast-muffins,255185/
INFO:root:678   https://www.eatthismuch.com/recipe/nutrition/goat-cheese-and-herb-omelet,33598/
INFO:root:679   https://www.eatthismuch.com/recipe/nutrition/yogurt-parfait,906673/
INFO:root:680   https://www.eatthismuch.com/recipe/nutrition/protein-southwest-scramble,254564/
INFO:root:681   https://www.eatthismuch.com/recipe/nutrition/roast-pumpkin-frittata,998145/
INFO:root:682   https://www.eatthismuch.com/recipe/nutrition/grilled-avocado-with-melted-cheese-and-hot-sauce,954964/
INFO:root:683   https://www.eatthismuch.com/recipe/nutrition/turkish-style-zucchini-fritters,906947/
INFO:root:684   https://www.eatthismuch.com/recipe/nutrition/turkey-sausage-egg-muffins,906720/
INFO:root:685   https://www.eatthismuch.com/recipe/nutrition/spanish-style-toast-with-tomato,906918/
INFO:root:686   https://www.eatthismuch.com/recipe/nutrition/egg-casserole,906432/
INFO:root:687   https://www.eatthismuch.com/recipe/nutrition/banana-pecan-cornmeal-pancakes,45064/
INFO:root:688   https://www.eatthismuch.com/recipe/nutrition/veg-heavy-toast,950215/
INFO:root:689   https://www.eatthismuch.com/recipe/nutrition/spinach-and-kale-savory-oatmeal,906973/
INFO:root:690   https://www.eatthismuch.com/recipe/nutrition/3-vegetable-tofu-scramble,1009738/
INFO:root:691   https://www.eatthismuch.com/recipe/nutrition/ricotta-blueberry-pancakes,698238/
INFO:root:692   https://www.eatthismuch.com/recipe/nutrition/veggie-and-ham-omelet,906033/
INFO:root:693   https://www.eatthismuch.com/recipe/nutrition/blueberry-and-chia-overnight-oats,973232/
INFO:root:694   https://www.eatthismuch.com/recipe/nutrition/vegan-chocolate-zucchini-oats,949329/
INFO:root:695   https://www.eatthismuch.com/recipe/nutrition/spinach-scramble,955648/
INFO:root:696   https://www.eatthismuch.com/recipe/nutrition/stir-fried-egg-and-tomato,45413/
INFO:root:697   https://www.eatthismuch.com/recipe/nutrition/chocolate-banana-protein-pancakes,950220/
INFO:root:698   https://www.eatthismuch.com/recipe/nutrition/banana-oat-and-chia-smoothie,936042/
INFO:root:699   https://www.eatthismuch.com/recipe/nutrition/overnight-banana-chai-breakfast-shake,906962/
INFO:root:700   https://www.eatthismuch.com/recipe/nutrition/pineapple-parsley-and-ginger-smoothie,905551/
INFO:root:701   https://www.eatthismuch.com/recipe/nutrition/banana-mash-muscle-muffins,56829/
INFO:root:702   https://www.eatthismuch.com/recipe/nutrition/canadian-bacon-breakfast-sandwich,978539/
INFO:root:703   https://www.eatthismuch.com/recipe/nutrition/mushroom-and-cheddar-omelet,206118/
INFO:root:704   https://www.eatthismuch.com/recipe/nutrition/chia-coconut-pudding,907015/
INFO:root:705   https://www.eatthismuch.com/recipe/nutrition/vanilla-walnut-blueberry-yogurt,905947/
INFO:root:706   https://www.eatthismuch.com/recipe/nutrition/chestnut-pancakes-with-bacon-and-creme-fraiche,56993/
INFO:root:707   https://www.eatthismuch.com/recipe/nutrition/cinnamon-and-allspice-french-toast,944794/
INFO:root:708   https://www.eatthismuch.com/recipe/nutrition/pbj-smoothie,48198/
INFO:root:709   https://www.eatthismuch.com/recipe/nutrition/veggie-omelet,942543/
INFO:root:710   https://www.eatthismuch.com/recipe/nutrition/basic-scrambled-eggs,253957/
INFO:root:711   https://www.eatthismuch.com/recipe/nutrition/spinach-and-banana-smoothie,930980/
INFO:root:712   https://www.eatthismuch.com/recipe/nutrition/breakfast-cheesecake,905528/
INFO:root:713   https://www.eatthismuch.com/recipe/nutrition/sausage-and-egg-bites,976326/
INFO:root:714   https://www.eatthismuch.com/recipe/nutrition/mug-omelet,906063/
INFO:root:715   https://www.eatthismuch.com/recipe/nutrition/cinnamon-toast,36559/
INFO:root:716   https://www.eatthismuch.com/recipe/nutrition/fried-eggs-on-toast-with-pepper-jack-and-avocado,45102/
INFO:root:717   https://www.eatthismuch.com/recipe/nutrition/make-ahead-breakfast-burritos,905615/
INFO:root:718   https://www.eatthismuch.com/recipe/nutrition/poached-eggs-alla-pizzaiola,717707/
INFO:root:719   https://www.eatthismuch.com/recipe/nutrition/egg-white-and-mushroom-omelet,927284/
INFO:root:720   https://www.eatthismuch.com/recipe/nutrition/strawberry-smoothie-bowl,940707/
INFO:root:721   https://www.eatthismuch.com/recipe/nutrition/sausage-and-egg-breakfast-burrito,980825/
INFO:root:722   https://www.eatthismuch.com/recipe/nutrition/dairy-free-strawberry-oatmeal,717789/
INFO:root:723   https://www.eatthismuch.com/recipe/nutrition/coconut-rice-pudding,35015/
INFO:root:724   https://www.eatthismuch.com/recipe/nutrition/pumpkin-pie-oatmeal,940751/
INFO:root:725   https://www.eatthismuch.com/recipe/nutrition/cinnamon-swirl-pumpkin-pie-protein-pancakes,203721/
INFO:root:726   https://www.eatthismuch.com/recipe/nutrition/cinnamon-protein-oats,929924/
INFO:root:727   https://www.eatthismuch.com/recipe/nutrition/peanut-butter-and-banana-toast,1014207/
INFO:root:728   https://www.eatthismuch.com/recipe/nutrition/egg-muffins,942525/
INFO:root:729   https://www.eatthismuch.com/recipe/nutrition/garlic-eggs,906130/
INFO:root:730   https://www.eatthismuch.com/recipe/nutrition/1-week-of-oats-in-5-minutes,927868/
INFO:root:731   https://www.eatthismuch.com/recipe/nutrition/curry-cheddar-scrambled-eggs,36623/
INFO:root:732   https://www.eatthismuch.com/recipe/nutrition/toad-in-the-hole-with-bacon,951730/
INFO:root:733   https://www.eatthismuch.com/recipe/nutrition/cheesy-scrambled-eggs-with-scallions,921300/
INFO:root:734   https://www.eatthismuch.com/recipe/nutrition/coconut-cinnamon-muesli,1012974/
INFO:root:735   https://www.eatthismuch.com/recipe/nutrition/muesli,921321/
INFO:root:736   https://www.eatthismuch.com/recipe/nutrition/tofu-scrambled-eggs,717808/
INFO:root:737   https://www.eatthismuch.com/recipe/nutrition/scrambled-eggs-with-onion-flakes,906179/
INFO:root:738   https://www.eatthismuch.com/recipe/nutrition/cabbage-and-carrot-juice,924527/
INFO:root:739   https://www.eatthismuch.com/recipe/nutrition/baked-banana-nut-donuts,968229/
INFO:root:740   https://www.eatthismuch.com/recipe/nutrition/fruity-date-oatmeal,717859/
INFO:root:741   https://www.eatthismuch.com/recipe/nutrition/cottage-cheese-pizza-dough,906461/
INFO:root:742   https://www.eatthismuch.com/recipe/nutrition/banana-and-strawberry-wrap,921310/
INFO:root:743   https://www.eatthismuch.com/recipe/nutrition/tahini-fruit-dip-with-apples,343687/
INFO:root:744   https://www.eatthismuch.com/recipe/nutrition/high-protein-energy-balls,338113/
INFO:root:745   https://www.eatthismuch.com/recipe/nutrition/honey-cocoa-oatmeal,948598/
INFO:root:746   https://www.eatthismuch.com/recipe/nutrition/protein-pancake,907038/
INFO:root:747   https://www.eatthismuch.com/recipe/nutrition/buttered-toast,254567/
INFO:root:748   https://www.eatthismuch.com/recipe/nutrition/scrambled-eggs-with-spinach-and-cream-cheese,905630/
INFO:root:749   https://www.eatthismuch.com/recipe/nutrition/fast-oatmeal,50036/
INFO:root:750   https://www.eatthismuch.com/recipe/nutrition/classic-omelet,34828/
INFO:root:751   https://www.eatthismuch.com/recipe/nutrition/bacon,42618/
INFO:root:752   https://www.eatthismuch.com/recipe/nutrition/southwestern-eggs,34671/
INFO:root:753   https://www.eatthismuch.com/recipe/nutrition/bacon-and-cheddar-grilled-cheese,927340/
INFO:root:754   https://www.eatthismuch.com/recipe/nutrition/2-ingredient-protein-pancakes,924559/
INFO:root:755   https://www.eatthismuch.com/recipe/nutrition/smashed-avocado-and-garbanzo-beans,906248/
INFO:root:756   https://www.eatthismuch.com/recipe/nutrition/pineapple-cottage-cheese-with-lime,907057/
INFO:root:757   https://www.eatthismuch.com/recipe/nutrition/eggs-cheese-and-tuna-omelet,906427/
INFO:root:758   https://www.eatthismuch.com/recipe/nutrition/buttermilk-pancake,999563/
INFO:root:759   https://www.eatthismuch.com/recipe/nutrition/keto-mug-english-muffins,906067/
INFO:root:760   https://www.eatthismuch.com/recipe/nutrition/vegan-banana-oat-soy-shake,906806/
INFO:root:761   https://www.eatthismuch.com/recipe/nutrition/protein-buddha-bowl,906853/
INFO:root:762   https://www.eatthismuch.com/recipe/nutrition/protein-oatmeal-pancakes,49262/
INFO:root:763   https://www.eatthismuch.com/recipe/nutrition/turkey-breakfast-sausage,907103/
INFO:root:764   https://www.eatthismuch.com/recipe/nutrition/egg-white-avocado-tomato-scramble,412925/
INFO:root:765   https://www.eatthismuch.com/recipe/nutrition/berries-and-creme-protein-pancakes,412947/
INFO:root:766   https://www.eatthismuch.com/recipe/nutrition/turkey-mushroom-and-spinach-egg-muffins,1028357/
INFO:root:767   https://www.eatthismuch.com/recipe/nutrition/mushroom-spinach-and-goat-cheese-omelet,717815/
INFO:root:768   https://www.eatthismuch.com/recipe/nutrition/nectarine-oatmeal,906226/
INFO:root:769   https://www.eatthismuch.com/recipe/nutrition/egg-stuffed-avocado,412919/
INFO:root:770   https://www.eatthismuch.com/recipe/nutrition/greek-yogurt-fruit-and-cereal,55738/
INFO:root:771   https://www.eatthismuch.com/recipe/nutrition/blueberry-oatmeal,52712/
INFO:root:772   https://www.eatthismuch.com/recipe/nutrition/very-berry-greek-yogurt,907071/
INFO:root:773   https://www.eatthismuch.com/recipe/nutrition/greek-yogurt-and-fruit-salad,39532/
INFO:root:774   https://www.eatthismuch.com/recipe/nutrition/raspberry-greek-yogurt,254522/
INFO:root:775   https://www.eatthismuch.com/recipe/nutrition/morning-salmon-salad,35039/
INFO:root:776   https://www.eatthismuch.com/recipe/nutrition/greek-yogurt-with-blueberries-walnuts-honey,412891/
INFO:root:777   https://www.eatthismuch.com/recipe/nutrition/scrambled-eggs-with-feta,906457/
INFO:root:778   https://www.eatthismuch.com/recipe/nutrition/peanut-butter-banana-oatmeal,54631/
INFO:root:779   https://www.eatthismuch.com/recipe/nutrition/everyday-fluffy-scrambled-eggs,1017589/
INFO:root:780   https://www.eatthismuch.com/recipe/nutrition/keto-lemon-blueberry-muffins,906125/
INFO:root:781   https://www.eatthismuch.com/recipe/nutrition/onion-and-tomato-omelet,412942/
INFO:root:782   https://www.eatthismuch.com/recipe/nutrition/banana-oatmeal-smoothie,42556/
INFO:root:783   https://www.eatthismuch.com/recipe/nutrition/cranberry-banana-oatmeal,906966/
INFO:root:784   https://www.eatthismuch.com/recipe/nutrition/sausage-and-egg-white-scramble,906254/
INFO:root:785   https://www.eatthismuch.com/recipe/nutrition/cheese-egg-white-omelette,412935/
INFO:root:786   https://www.eatthismuch.com/recipe/nutrition/high-protein-banana-bread,979456/
INFO:root:787   https://www.eatthismuch.com/recipe/nutrition/tomato-scrambled-eggs,906301/
INFO:root:788   https://www.eatthismuch.com/recipe/nutrition/blueberries,474379/
INFO:root:789   https://www.eatthismuch.com/recipe/nutrition/scrambled-eggs-with-mushrooms,951671/
INFO:root:790   https://www.eatthismuch.com/recipe/nutrition/cinnamon-honey-corn-flakes,905783/
INFO:root:791   https://www.eatthismuch.com/recipe/nutrition/oatmeal-cottage-cheese-pancakes,39211/
INFO:root:792   https://www.eatthismuch.com/recipe/nutrition/gordon-ramsays-scrambled-eggs,33946/
INFO:root:793   https://www.eatthismuch.com/recipe/nutrition/sausage-and-egg-breakfast-sandwich,906627/
INFO:root:794   https://www.eatthismuch.com/recipe/nutrition/reeses-chocolate-and-peanut-butter-oatmeal,906517/
INFO:root:795   https://www.eatthismuch.com/recipe/nutrition/easy-hard-boiled-eggs,36640/
INFO:root:796   https://www.eatthismuch.com/recipe/nutrition/avocado-smoked-salmon-omelet,885373/
INFO:root:797   https://www.eatthismuch.com/recipe/nutrition/banana,474253/
